/Users/samlesueur/Library/Python/3.9/lib/python/site-packages/urllib3/__init__.py:35: NotOpenSSLWarning: urllib3 v2 only supports OpenSSL 1.1.1+, currently the 'ssl' module is compiled with 'LibreSSL 2.8.3'. See: https://github.com/urllib3/urllib3/issues/3020
  warnings.warn(
2026-05-18 09:15:41  INFO      M2 automation started — polling Gmail every 2 minutes.
2026-05-18 09:15:41  INFO      Checking Gmail for M2 approval emails...
2026-05-18 09:15:42  INFO      No new emails.
/Users/samlesueur/Library/Python/3.9/lib/python/site-packages/urllib3/__init__.py:35: NotOpenSSLWarning: urllib3 v2 only supports OpenSSL 1.1.1+, currently the 'ssl' module is compiled with 'LibreSSL 2.8.3'. See: https://github.com/urllib3/urllib3/issues/3020
  warnings.warn(
2026-05-18 09:17:04  INFO      M2 automation started — polling Gmail every 2 minutes.
2026-05-18 09:17:04  INFO      Checking Gmail for M2 approval emails...
2026-05-18 09:17:06  INFO      No new emails.
2026-05-18 09:17:42  INFO      Checking Gmail for M2 approval emails...
2026-05-18 09:17:45  INFO      No new emails.
/Users/samlesueur/Library/Python/3.9/lib/python/site-packages/urllib3/__init__.py:35: NotOpenSSLWarning: urllib3 v2 only supports OpenSSL 1.1.1+, currently the 'ssl' module is compiled with 'LibreSSL 2.8.3'. See: https://github.com/urllib3/urllib3/issues/3020
  warnings.warn(
2026-05-18 09:17:50  INFO      M2 automation started — polling Gmail every 2 minutes.
2026-05-18 09:17:50  INFO      Checking Gmail for M2 approval emails...
2026-05-18 09:17:52  INFO      No new emails.
2026-05-18 09:19:06  INFO      Checking Gmail for M2 approval emails...
2026-05-18 09:19:07  INFO      No new emails.
2026-05-18 09:19:45  INFO      Checking Gmail for M2 approval emails...
2026-05-18 09:19:46  INFO      No new emails.
2026-05-18 09:19:52  INFO      Checking Gmail for M2 approval emails...
2026-05-18 09:19:53  INFO      No new emails.
2026-05-18 09:21:07  INFO      Checking Gmail for M2 approval emails...
2026-05-18 09:21:09  INFO      No new emails.
2026-05-18 09:21:46  INFO      Checking Gmail for M2 approval emails...
2026-05-18 09:21:48  INFO      No new emails.
2026-05-18 09:21:54  INFO      Checking Gmail for M2 approval emails...
2026-05-18 09:21:56  INFO      No new emails.
2026-05-18 09:23:09  INFO      Checking Gmail for M2 approval emails...
2026-05-18 09:23:11  INFO      No new emails.
2026-05-18 09:23:48  INFO      Checking Gmail for M2 approval emails...
2026-05-18 09:23:50  INFO      No new emails.
2026-05-18 09:23:56  INFO      Checking Gmail for M2 approval emails...
2026-05-18 09:23:58  INFO      No new emails.
2026-05-18 09:25:11  INFO      Checking Gmail for M2 approval emails...
2026-05-18 09:25:14  INFO      No new emails.
2026-05-18 09:25:50  INFO      Checking Gmail for M2 approval emails...
2026-05-18 09:25:53  INFO      No new emails.
2026-05-18 09:25:58  INFO      Checking Gmail for M2 approval emails...
2026-05-18 09:26:01  INFO      No new emails.
2026-05-18 09:27:14  INFO      Checking Gmail for M2 approval emails...
2026-05-18 09:27:16  INFO      No new emails.
2026-05-18 09:27:53  INFO      Checking Gmail for M2 approval emails...
2026-05-18 09:27:56  INFO      No new emails.
2026-05-18 09:28:01  INFO      Checking Gmail for M2 approval emails...
2026-05-18 09:28:04  INFO      No new emails.
2026-05-18 09:29:16  INFO      Checking Gmail for M2 approval emails...
2026-05-18 09:29:18  INFO      No new emails.
2026-05-18 09:29:56  INFO      Checking Gmail for M2 approval emails...
2026-05-18 09:29:58  INFO      No new emails.
2026-05-18 09:30:04  INFO      Checking Gmail for M2 approval emails...
2026-05-18 09:30:05  INFO      No new emails.
2026-05-18 09:31:18  INFO      Checking Gmail for M2 approval emails...
2026-05-18 09:31:20  INFO      No new emails.
2026-05-18 09:31:58  INFO      Checking Gmail for M2 approval emails...
2026-05-18 09:31:59  INFO      No new emails.
2026-05-18 09:32:05  INFO      Checking Gmail for M2 approval emails...
2026-05-18 09:32:07  INFO      No new emails.
2026-05-18 09:33:20  INFO      Checking Gmail for M2 approval emails...
2026-05-18 09:33:21  INFO      No new emails.
2026-05-18 09:33:59  INFO      Checking Gmail for M2 approval emails...
2026-05-18 09:34:04  INFO      No new emails.
2026-05-18 09:34:07  INFO      Checking Gmail for M2 approval emails...
2026-05-18 09:34:24  INFO      No new emails.
2026-05-18 09:35:21  INFO      Checking Gmail for M2 approval emails...
2026-05-18 09:35:25  INFO      No new emails.
2026-05-18 09:36:04  INFO      Checking Gmail for M2 approval emails...
2026-05-18 09:36:09  INFO      No new emails.
2026-05-18 09:36:24  INFO      Checking Gmail for M2 approval emails...
2026-05-18 09:36:29  INFO      No new emails.
2026-05-18 09:37:25  INFO      Checking Gmail for M2 approval emails...
2026-05-18 09:37:30  INFO      No new emails.
2026-05-18 09:38:09  INFO      Checking Gmail for M2 approval emails...
2026-05-18 09:38:16  INFO      No new emails.
2026-05-18 09:38:29  INFO      Checking Gmail for M2 approval emails...
2026-05-18 09:38:34  INFO      No new emails.
2026-05-18 09:39:30  INFO      Checking Gmail for M2 approval emails...
2026-05-18 09:39:36  INFO      No new emails.
2026-05-18 09:40:16  INFO      Checking Gmail for M2 approval emails...
2026-05-18 09:40:27  INFO      No new emails.
2026-05-18 09:40:34  INFO      Checking Gmail for M2 approval emails...
2026-05-18 09:40:47  INFO      No new emails.
2026-05-18 09:41:36  INFO      Checking Gmail for M2 approval emails...
2026-05-18 09:41:41  INFO      No new emails.
2026-05-18 09:42:27  INFO      Checking Gmail for M2 approval emails...
2026-05-18 09:42:34  INFO      No new emails.
2026-05-18 09:42:48  INFO      Checking Gmail for M2 approval emails...
2026-05-18 09:42:55  INFO      No new emails.
2026-05-18 09:43:41  INFO      Checking Gmail for M2 approval emails...
2026-05-18 09:43:45  INFO      No new emails.
2026-05-18 09:44:34  INFO      Checking Gmail for M2 approval emails...
2026-05-18 09:44:38  INFO      No new emails.
2026-05-18 09:44:55  INFO      Checking Gmail for M2 approval emails...
2026-05-18 09:45:00  INFO      No new emails.
2026-05-18 09:45:46  INFO      Checking Gmail for M2 approval emails...
2026-05-18 09:45:51  INFO      No new emails.
2026-05-18 09:46:38  INFO      Checking Gmail for M2 approval emails...
2026-05-18 09:46:44  INFO      No new emails.
2026-05-18 09:47:00  INFO      Checking Gmail for M2 approval emails...
2026-05-18 09:47:04  INFO      No new emails.
2026-05-18 09:47:51  INFO      Checking Gmail for M2 approval emails...
2026-05-18 09:47:56  INFO      No new emails.
2026-05-18 09:48:44  INFO      Checking Gmail for M2 approval emails...
2026-05-18 09:48:49  INFO      No new emails.
2026-05-18 09:49:04  INFO      Checking Gmail for M2 approval emails...
2026-05-18 09:49:09  INFO      No new emails.
2026-05-18 09:49:56  INFO      Checking Gmail for M2 approval emails...
2026-05-18 09:50:01  INFO      No new emails.
2026-05-18 09:50:49  INFO      Checking Gmail for M2 approval emails...
2026-05-18 09:50:53  INFO      No new emails.
2026-05-18 09:51:09  INFO      Checking Gmail for M2 approval emails...
2026-05-18 09:51:12  INFO      No new emails.
2026-05-18 09:52:01  INFO      Checking Gmail for M2 approval emails...
2026-05-18 09:52:05  INFO      No new emails.
2026-05-18 09:52:53  INFO      Checking Gmail for M2 approval emails...
2026-05-18 09:52:56  INFO      No new emails.
2026-05-18 09:53:12  INFO      Checking Gmail for M2 approval emails...
2026-05-18 09:53:16  INFO      No new emails.
2026-05-18 09:54:05  INFO      Checking Gmail for M2 approval emails...
2026-05-18 09:54:08  INFO      No new emails.
2026-05-18 09:54:57  INFO      Checking Gmail for M2 approval emails...
2026-05-18 09:55:01  INFO      No new emails.
2026-05-18 09:55:16  INFO      Checking Gmail for M2 approval emails...
2026-05-18 09:55:19  INFO      No new emails.
2026-05-18 09:56:08  INFO      Checking Gmail for M2 approval emails...
2026-05-18 09:56:12  INFO      No new emails.
2026-05-18 09:57:01  INFO      Checking Gmail for M2 approval emails...
2026-05-18 09:57:06  INFO      No new emails.
2026-05-18 09:57:19  INFO      Checking Gmail for M2 approval emails...
2026-05-18 09:57:22  INFO      No new emails.
2026-05-18 09:58:12  INFO      Checking Gmail for M2 approval emails...
2026-05-18 09:58:16  INFO      No new emails.
2026-05-18 09:59:06  INFO      Checking Gmail for M2 approval emails...
2026-05-18 09:59:22  INFO      Checking Gmail for M2 approval emails...
2026-05-18 09:59:26  INFO      No new emails.
2026-05-18 10:00:06  INFO      No new emails.
2026-05-18 10:00:16  INFO      Checking Gmail for M2 approval emails...
2026-05-18 10:00:19  INFO      No new emails.
2026-05-18 10:01:26  INFO      Checking Gmail for M2 approval emails...
2026-05-18 10:01:29  INFO      No new emails.
2026-05-18 10:02:06  INFO      Checking Gmail for M2 approval emails...
2026-05-18 10:02:09  INFO      No new emails.
2026-05-18 10:02:19  INFO      Checking Gmail for M2 approval emails...
2026-05-18 10:02:22  INFO      No new emails.
2026-05-18 10:03:29  INFO      Checking Gmail for M2 approval emails...
2026-05-18 10:03:33  INFO      No new emails.
2026-05-18 10:04:09  INFO      Checking Gmail for M2 approval emails...
2026-05-18 10:04:12  INFO      No new emails.
2026-05-18 10:04:22  INFO      Checking Gmail for M2 approval emails...
2026-05-18 10:04:25  INFO      No new emails.
2026-05-18 10:05:33  INFO      Checking Gmail for M2 approval emails...
2026-05-18 10:05:36  INFO      No new emails.
2026-05-18 10:06:12  INFO      Checking Gmail for M2 approval emails...
2026-05-18 10:06:15  INFO      No new emails.
2026-05-18 10:06:25  INFO      Checking Gmail for M2 approval emails...
2026-05-18 10:06:28  INFO      No new emails.
2026-05-18 10:07:36  INFO      Checking Gmail for M2 approval emails...
2026-05-18 10:07:42  INFO      No new emails.
2026-05-18 10:08:15  INFO      Checking Gmail for M2 approval emails...
2026-05-18 10:08:19  INFO      No new emails.
2026-05-18 10:08:28  INFO      Checking Gmail for M2 approval emails...
2026-05-18 10:08:32  INFO      No new emails.
2026-05-18 10:09:42  INFO      Checking Gmail for M2 approval emails...
2026-05-18 10:09:46  INFO      No new emails.
2026-05-18 10:10:19  INFO      Checking Gmail for M2 approval emails...
2026-05-18 10:10:22  INFO      No new emails.
2026-05-18 10:10:32  INFO      Checking Gmail for M2 approval emails...
2026-05-18 10:11:03  INFO      No new emails.
2026-05-18 10:11:46  INFO      Checking Gmail for M2 approval emails...
2026-05-18 10:11:49  INFO      No new emails.
2026-05-18 10:12:22  INFO      Checking Gmail for M2 approval emails...
2026-05-18 10:12:25  INFO      No new emails.
2026-05-18 10:13:03  INFO      Checking Gmail for M2 approval emails...
2026-05-18 10:13:06  INFO      No new emails.
2026-05-18 10:13:49  INFO      Checking Gmail for M2 approval emails...
2026-05-18 10:13:54  INFO      No new emails.
2026-05-18 10:14:25  INFO      Checking Gmail for M2 approval emails...
2026-05-18 10:14:28  INFO      No new emails.
2026-05-18 10:15:06  INFO      Checking Gmail for M2 approval emails...
2026-05-18 10:15:09  INFO      No new emails.
2026-05-18 10:15:54  INFO      Checking Gmail for M2 approval emails...
2026-05-18 10:16:01  INFO      No new emails.
2026-05-18 10:16:28  INFO      Checking Gmail for M2 approval emails...
2026-05-18 10:16:32  INFO      No new emails.
2026-05-18 10:17:09  INFO      Checking Gmail for M2 approval emails...
2026-05-18 10:17:12  INFO      No new emails.
2026-05-18 10:18:01  INFO      Checking Gmail for M2 approval emails...
2026-05-18 10:18:04  INFO      No new emails.
2026-05-18 10:18:32  INFO      Checking Gmail for M2 approval emails...
2026-05-18 10:18:37  INFO      No new emails.
2026-05-18 10:19:12  INFO      Checking Gmail for M2 approval emails...
2026-05-18 10:19:16  INFO      No new emails.
2026-05-18 10:20:04  INFO      Checking Gmail for M2 approval emails...
2026-05-18 10:20:08  INFO      No new emails.
2026-05-18 10:20:37  INFO      Checking Gmail for M2 approval emails...
2026-05-18 10:20:41  INFO      No new emails.
2026-05-18 10:21:16  INFO      Checking Gmail for M2 approval emails...
2026-05-18 10:21:21  INFO      No new emails.
2026-05-18 10:22:08  INFO      Checking Gmail for M2 approval emails...
2026-05-18 10:22:13  INFO      No new emails.
2026-05-18 10:22:41  INFO      Checking Gmail for M2 approval emails...
2026-05-18 10:22:46  INFO      No new emails.
2026-05-18 10:23:21  INFO      Checking Gmail for M2 approval emails...
2026-05-18 10:23:25  INFO      No new emails.
2026-05-18 10:24:13  INFO      Checking Gmail for M2 approval emails...
2026-05-18 10:24:17  INFO      No new emails.
2026-05-18 10:24:46  INFO      Checking Gmail for M2 approval emails...
2026-05-18 10:24:51  INFO      No new emails.
2026-05-18 10:25:25  INFO      Checking Gmail for M2 approval emails...
2026-05-18 10:25:29  INFO      No new emails.
2026-05-18 10:26:17  INFO      Checking Gmail for M2 approval emails...
2026-05-18 10:26:22  INFO      No new emails.
2026-05-18 10:26:51  INFO      Checking Gmail for M2 approval emails...
2026-05-18 10:26:56  INFO      No new emails.
2026-05-18 10:27:29  INFO      Checking Gmail for M2 approval emails...
2026-05-18 10:27:34  INFO      No new emails.
2026-05-18 10:28:22  INFO      Checking Gmail for M2 approval emails...
2026-05-18 10:28:27  INFO      No new emails.
2026-05-18 10:28:56  INFO      Checking Gmail for M2 approval emails...
2026-05-18 10:29:01  INFO      No new emails.
2026-05-18 10:29:34  INFO      Checking Gmail for M2 approval emails...
2026-05-18 10:29:38  INFO      No new emails.
2026-05-18 10:30:27  INFO      Checking Gmail for M2 approval emails...
2026-05-18 10:30:31  INFO      No new emails.
2026-05-18 10:31:01  INFO      Checking Gmail for M2 approval emails...
2026-05-18 10:31:05  INFO      No new emails.
2026-05-18 10:31:38  INFO      Checking Gmail for M2 approval emails...
2026-05-18 10:31:42  INFO      No new emails.
2026-05-18 10:32:31  INFO      Checking Gmail for M2 approval emails...
2026-05-18 10:32:36  INFO      No new emails.
2026-05-18 10:33:05  INFO      Checking Gmail for M2 approval emails...
2026-05-18 10:33:09  INFO      No new emails.
2026-05-18 10:33:42  INFO      Checking Gmail for M2 approval emails...
2026-05-18 10:33:47  INFO      No new emails.
2026-05-18 10:34:36  INFO      Checking Gmail for M2 approval emails...
2026-05-18 10:34:41  INFO      No new emails.
2026-05-18 10:35:09  INFO      Checking Gmail for M2 approval emails...
2026-05-18 10:35:16  INFO      No new emails.
2026-05-18 10:35:47  INFO      Checking Gmail for M2 approval emails...
2026-05-18 10:35:51  INFO      No new emails.
2026-05-18 10:36:41  INFO      Checking Gmail for M2 approval emails...
2026-05-18 10:36:45  INFO      No new emails.
2026-05-18 10:37:16  INFO      Checking Gmail for M2 approval emails...
2026-05-18 10:37:23  INFO      No new emails.
2026-05-18 10:37:51  INFO      Checking Gmail for M2 approval emails...
2026-05-18 10:37:55  INFO      No new emails.
2026-05-18 10:38:46  INFO      Checking Gmail for M2 approval emails...
2026-05-18 10:38:49  INFO      No new emails.
2026-05-18 10:39:23  INFO      Checking Gmail for M2 approval emails...
2026-05-18 10:39:26  INFO      No new emails.
2026-05-18 10:39:55  INFO      Checking Gmail for M2 approval emails...
2026-05-18 10:40:00  INFO      No new emails.
2026-05-18 10:40:49  INFO      Checking Gmail for M2 approval emails...
2026-05-18 10:40:53  INFO      No new emails.
2026-05-18 10:41:26  INFO      Checking Gmail for M2 approval emails...
2026-05-18 10:41:33  INFO      No new emails.
2026-05-18 10:42:00  INFO      Checking Gmail for M2 approval emails...
2026-05-18 10:42:07  INFO      No new emails.
2026-05-18 10:42:54  INFO      Checking Gmail for M2 approval emails...
2026-05-18 10:42:56  INFO      No new emails.
2026-05-18 10:43:33  INFO      Checking Gmail for M2 approval emails...
2026-05-18 10:43:36  INFO      No new emails.
2026-05-18 10:44:07  INFO      Checking Gmail for M2 approval emails...
2026-05-18 10:44:11  INFO      No new emails.
2026-05-18 10:44:57  INFO      Checking Gmail for M2 approval emails...
2026-05-18 10:45:02  INFO      No new emails.
2026-05-18 10:45:36  INFO      Checking Gmail for M2 approval emails...
2026-05-18 10:45:48  INFO      No new emails.
2026-05-18 10:46:11  INFO      Checking Gmail for M2 approval emails...
2026-05-18 10:46:38  INFO      No new emails.
2026-05-18 10:47:02  INFO      Checking Gmail for M2 approval emails...
2026-05-18 10:47:06  INFO      No new emails.
2026-05-18 10:47:48  INFO      Checking Gmail for M2 approval emails...
2026-05-18 10:47:52  INFO      No new emails.
2026-05-18 10:48:38  INFO      Checking Gmail for M2 approval emails...
2026-05-18 10:48:42  INFO      No new emails.
2026-05-18 10:49:06  INFO      Checking Gmail for M2 approval emails...
2026-05-18 10:49:12  INFO      No new emails.
2026-05-18 10:49:52  INFO      Checking Gmail for M2 approval emails...
2026-05-18 10:49:56  INFO      No new emails.
2026-05-18 10:50:42  INFO      Checking Gmail for M2 approval emails...
2026-05-18 10:50:48  INFO      No new emails.
2026-05-18 10:51:12  INFO      Checking Gmail for M2 approval emails...
2026-05-18 10:51:21  INFO      No new emails.
2026-05-18 10:51:56  INFO      Checking Gmail for M2 approval emails...
2026-05-18 10:52:03  INFO      No new emails.
2026-05-18 10:52:48  INFO      Checking Gmail for M2 approval emails...
2026-05-18 10:52:52  INFO      No new emails.
2026-05-18 10:53:21  INFO      Checking Gmail for M2 approval emails...
2026-05-18 10:53:25  INFO      No new emails.
2026-05-18 10:54:03  INFO      Checking Gmail for M2 approval emails...
2026-05-18 10:54:07  INFO      No new emails.
2026-05-18 10:54:52  INFO      Checking Gmail for M2 approval emails...
2026-05-18 10:55:04  INFO      No new emails.
2026-05-18 10:55:25  INFO      Checking Gmail for M2 approval emails...
2026-05-18 10:55:29  INFO      No new emails.
2026-05-18 10:56:07  INFO      Checking Gmail for M2 approval emails...
2026-05-18 10:56:16  INFO      No new emails.
2026-05-18 10:57:04  INFO      Checking Gmail for M2 approval emails...
2026-05-18 10:57:08  INFO      No new emails.
2026-05-18 10:57:29  INFO      Checking Gmail for M2 approval emails...
2026-05-18 10:57:35  INFO      No new emails.
2026-05-18 10:58:16  INFO      Checking Gmail for M2 approval emails...
2026-05-18 10:58:20  INFO      No new emails.
2026-05-18 10:59:08  INFO      Checking Gmail for M2 approval emails...
2026-05-18 10:59:14  INFO      No new emails.
2026-05-18 10:59:35  INFO      Checking Gmail for M2 approval emails...
2026-05-18 10:59:40  INFO      No new emails.
2026-05-18 11:00:20  INFO      Checking Gmail for M2 approval emails...
2026-05-18 11:00:25  INFO      No new emails.
2026-05-18 11:01:14  INFO      Checking Gmail for M2 approval emails...
2026-05-18 11:01:18  INFO      No new emails.
2026-05-18 11:01:40  INFO      Checking Gmail for M2 approval emails...
2026-05-18 11:01:43  INFO      No new emails.
2026-05-18 11:02:25  INFO      Checking Gmail for M2 approval emails...
2026-05-18 11:02:30  INFO      No new emails.
2026-05-18 11:03:18  INFO      Checking Gmail for M2 approval emails...
2026-05-18 11:03:22  INFO      No new emails.
2026-05-18 11:03:43  INFO      Checking Gmail for M2 approval emails...
2026-05-18 11:03:47  INFO      Processing M2 approval for: Martin Chapa
2026-05-18 11:03:48  INFO      Project found: 817593 — Martin Chapa
2026-05-18 11:03:48  INFO      M2 work order found: 2194506 — ⏳ Milestone 2 (M2) W/O 
2026-05-18 11:03:49  INFO      M2 form found: 1367077 — Milestone 2 (M2) Form 
2026-05-18 11:03:49  INFO      Available form fields: ['Finance Status', 'M2 Submitted Date', 'M2 Completed Date', 'Finance Provider', 'Finance Product Type', 'Financing Term (Years)', 'Project value', 'Financing Escalator (%)', 'Financing Monthly Payment ($)', 'Stipulations']
2026-05-18 11:03:49  INFO      Updating 6 form fields
2026-05-18 11:03:50  INFO      Form completed
2026-05-18 11:03:50  INFO      Checked off 3 checklist items
2026-05-18 11:03:51  INFO      Work order completed
2026-05-18 11:03:51  INFO      Note left on project
2026-05-18 11:03:59  INFO      Reply sent to Lux Financial <underwriting@luxfinancial.io>
2026-05-18 11:03:59  INFO      Done: Martin Chapa (project 817593)
2026-05-18 11:04:30  INFO      Checking Gmail for M2 approval emails...
2026-05-18 11:04:48  INFO      Processing M2 approval for: Martin Chapa
2026-05-18 11:04:49  INFO      Project found: 817593 — Martin Chapa
2026-05-18 11:04:49  INFO      M2 work order found: 2194506 — ⏳ Milestone 2 (M2) W/O 
2026-05-18 11:04:50  INFO      M2 form found: 1367077 — Milestone 2 (M2) Form 
2026-05-18 11:04:50  INFO      Available form fields: ['Finance Status', 'M2 Submitted Date', 'M2 Completed Date', 'Finance Provider', 'Finance Product Type', 'Financing Term (Years)', 'Project value', 'Financing Escalator (%)', 'Financing Monthly Payment ($)', 'Stipulations']
2026-05-18 11:04:50  INFO      Updating 6 form fields
2026-05-18 11:04:51  INFO      Form completed
2026-05-18 11:04:52  INFO      Checked off 3 checklist items
2026-05-18 11:04:52  INFO      Work order completed
2026-05-18 11:04:52  INFO      Note left on project
2026-05-18 11:05:00  INFO      Reply sent to Lux Financial <underwriting@luxfinancial.io>
2026-05-18 11:05:00  INFO      Done: Martin Chapa (project 817593)
2026-05-18 11:05:22  INFO      Checking Gmail for M2 approval emails...
2026-05-18 11:05:26  INFO      Processing M2 approval for: Martin Chapa
2026-05-18 11:05:27  INFO      Project found: 817593 — Martin Chapa
2026-05-18 11:05:27  INFO      M2 work order found: 2194506 — ⏳ Milestone 2 (M2) W/O 
2026-05-18 11:05:28  INFO      M2 form found: 1367077 — Milestone 2 (M2) Form 
2026-05-18 11:05:28  INFO      Available form fields: ['Finance Status', 'M2 Submitted Date', 'M2 Completed Date', 'Finance Provider', 'Finance Product Type', 'Financing Term (Years)', 'Project value', 'Financing Escalator (%)', 'Financing Monthly Payment ($)', 'Stipulations']
2026-05-18 11:05:28  INFO      Updating 6 form fields
2026-05-18 11:05:30  INFO      Form completed
2026-05-18 11:05:30  INFO      Checked off 3 checklist items
2026-05-18 11:05:30  INFO      Work order completed
2026-05-18 11:05:31  INFO      Note left on project
2026-05-18 11:05:39  INFO      Reply sent to Lux Financial <underwriting@luxfinancial.io>
2026-05-18 11:05:39  INFO      Done: Martin Chapa (project 817593)
2026-05-18 11:06:02  INFO      Checking Gmail for M2 approval emails...
2026-05-18 11:06:07  INFO      No new emails.
2026-05-18 11:07:03  INFO      Checking Gmail for M2 approval emails...
2026-05-18 11:07:08  INFO      No new emails.
2026-05-18 11:07:42  INFO      Checking Gmail for M2 approval emails...
2026-05-18 11:07:47  INFO      No new emails.
2026-05-18 11:08:08  INFO      Checking Gmail for M2 approval emails...
2026-05-18 11:08:12  INFO      No new emails.
2026-05-18 11:09:08  INFO      Checking Gmail for M2 approval emails...
2026-05-18 11:09:12  INFO      No new emails.
2026-05-18 11:09:47  INFO      Checking Gmail for M2 approval emails...
2026-05-18 11:09:59  INFO      No new emails.
2026-05-18 11:10:12  INFO      Checking Gmail for M2 approval emails...
2026-05-18 11:10:15  INFO      No new emails.
2026-05-18 11:11:12  INFO      Checking Gmail for M2 approval emails...
2026-05-18 11:11:19  INFO      No new emails.
2026-05-18 11:11:59  INFO      Checking Gmail for M2 approval emails...
2026-05-18 11:12:03  INFO      No new emails.
2026-05-18 11:12:16  INFO      Checking Gmail for M2 approval emails...
2026-05-18 11:12:19  INFO      No new emails.
2026-05-18 11:13:19  INFO      Checking Gmail for M2 approval emails...
2026-05-18 11:13:22  INFO      No new emails.
2026-05-18 11:14:03  INFO      Checking Gmail for M2 approval emails...
2026-05-18 11:14:06  INFO      No new emails.
2026-05-18 11:14:19  INFO      Checking Gmail for M2 approval emails...
2026-05-18 11:14:22  INFO      No new emails.
2026-05-18 11:15:22  INFO      Checking Gmail for M2 approval emails...
2026-05-18 11:15:26  INFO      No new emails.
2026-05-18 11:16:06  INFO      Checking Gmail for M2 approval emails...
2026-05-18 11:16:09  INFO      No new emails.
2026-05-18 11:16:22  INFO      Checking Gmail for M2 approval emails...
2026-05-18 11:16:26  INFO      No new emails.
2026-05-18 11:17:26  INFO      Checking Gmail for M2 approval emails...
2026-05-18 11:17:30  INFO      No new emails.
2026-05-18 11:18:09  INFO      Checking Gmail for M2 approval emails...
2026-05-18 11:18:14  INFO      No new emails.
2026-05-18 11:18:26  INFO      Checking Gmail for M2 approval emails...
2026-05-18 11:18:32  INFO      No new emails.
2026-05-18 11:19:30  INFO      Checking Gmail for M2 approval emails...
2026-05-18 11:19:36  INFO      No new emails.
2026-05-18 11:20:14  INFO      Checking Gmail for M2 approval emails...
2026-05-18 11:20:19  INFO      No new emails.
2026-05-18 11:20:32  INFO      Checking Gmail for M2 approval emails...
2026-05-18 11:20:38  INFO      No new emails.
2026-05-18 11:21:36  INFO      Checking Gmail for M2 approval emails...
2026-05-18 11:21:41  INFO      No new emails.
2026-05-18 11:22:19  INFO      Checking Gmail for M2 approval emails...
2026-05-18 11:22:26  INFO      No new emails.
2026-05-18 11:22:38  INFO      Checking Gmail for M2 approval emails...
2026-05-18 11:22:47  INFO      No new emails.
2026-05-18 11:23:41  INFO      Checking Gmail for M2 approval emails...
2026-05-18 11:23:47  INFO      No new emails.
2026-05-18 11:24:26  INFO      Checking Gmail for M2 approval emails...
2026-05-18 11:24:30  INFO      No new emails.
2026-05-18 11:24:47  INFO      Checking Gmail for M2 approval emails...
2026-05-18 11:24:52  INFO      No new emails.
2026-05-18 11:25:47  INFO      Checking Gmail for M2 approval emails...
2026-05-18 11:25:59  INFO      No new emails.
2026-05-18 11:26:30  INFO      Checking Gmail for M2 approval emails...
2026-05-18 11:26:34  INFO      No new emails.
2026-05-18 11:26:52  INFO      Checking Gmail for M2 approval emails...
2026-05-18 11:26:57  INFO      No new emails.
2026-05-18 11:27:59  INFO      Checking Gmail for M2 approval emails...
2026-05-18 11:28:05  INFO      No new emails.
2026-05-18 11:28:34  INFO      Checking Gmail for M2 approval emails...
2026-05-18 11:28:39  INFO      No new emails.
2026-05-18 11:28:57  INFO      Checking Gmail for M2 approval emails...
2026-05-18 11:29:10  INFO      No new emails.
2026-05-18 11:30:05  INFO      Checking Gmail for M2 approval emails...
2026-05-18 11:30:10  INFO      No new emails.
2026-05-18 11:30:39  INFO      Checking Gmail for M2 approval emails...
2026-05-18 11:30:45  INFO      No new emails.
2026-05-18 11:31:10  INFO      Checking Gmail for M2 approval emails...
2026-05-18 11:31:15  INFO      No new emails.
2026-05-18 11:32:10  INFO      Checking Gmail for M2 approval emails...
2026-05-18 11:32:15  INFO      No new emails.
2026-05-18 11:32:45  INFO      Checking Gmail for M2 approval emails...
2026-05-18 11:32:51  INFO      No new emails.
2026-05-18 11:33:15  INFO      Checking Gmail for M2 approval emails...
2026-05-18 11:33:20  INFO      No new emails.
2026-05-18 11:34:15  INFO      Checking Gmail for M2 approval emails...
2026-05-18 11:34:20  INFO      No new emails.
2026-05-18 11:34:51  INFO      Checking Gmail for M2 approval emails...
2026-05-18 11:34:58  INFO      No new emails.
2026-05-18 11:35:20  INFO      Checking Gmail for M2 approval emails...
2026-05-18 11:35:24  INFO      No new emails.
2026-05-18 11:36:20  INFO      Checking Gmail for M2 approval emails...
2026-05-18 11:36:27  INFO      No new emails.
2026-05-18 11:36:58  INFO      Checking Gmail for M2 approval emails...
2026-05-18 11:37:03  INFO      No new emails.
2026-05-18 11:37:24  INFO      Checking Gmail for M2 approval emails...
2026-05-18 11:37:29  INFO      No new emails.
2026-05-18 11:38:27  INFO      Checking Gmail for M2 approval emails...
2026-05-18 11:38:32  INFO      No new emails.
2026-05-18 11:39:03  INFO      Checking Gmail for M2 approval emails...
2026-05-18 11:39:07  INFO      No new emails.
2026-05-18 11:39:29  INFO      Checking Gmail for M2 approval emails...
2026-05-18 11:39:35  INFO      No new emails.
2026-05-18 11:40:32  INFO      Checking Gmail for M2 approval emails...
2026-05-18 11:40:38  INFO      No new emails.
2026-05-18 11:41:07  INFO      Checking Gmail for M2 approval emails...
2026-05-18 11:41:12  INFO      No new emails.
2026-05-18 11:41:35  INFO      Checking Gmail for M2 approval emails...
2026-05-18 11:41:39  INFO      No new emails.
2026-05-18 11:42:38  INFO      Checking Gmail for M2 approval emails...
2026-05-18 11:42:43  INFO      No new emails.
2026-05-18 11:43:12  INFO      Checking Gmail for M2 approval emails...
2026-05-18 11:43:17  INFO      No new emails.
2026-05-18 11:43:40  INFO      Checking Gmail for M2 approval emails...
2026-05-18 11:43:45  INFO      No new emails.
2026-05-18 11:44:43  INFO      Checking Gmail for M2 approval emails...
2026-05-18 11:44:47  INFO      No new emails.
2026-05-18 11:45:17  INFO      Checking Gmail for M2 approval emails...
2026-05-18 11:45:22  INFO      No new emails.
2026-05-18 11:45:45  INFO      Checking Gmail for M2 approval emails...
2026-05-18 11:45:49  INFO      No new emails.
2026-05-18 11:46:47  INFO      Checking Gmail for M2 approval emails...
2026-05-18 11:46:52  INFO      No new emails.
2026-05-18 11:47:22  INFO      Checking Gmail for M2 approval emails...
2026-05-18 11:47:27  INFO      No new emails.
2026-05-18 11:47:49  INFO      Checking Gmail for M2 approval emails...
2026-05-18 11:47:54  INFO      No new emails.
2026-05-18 11:48:52  INFO      Checking Gmail for M2 approval emails...
2026-05-18 11:48:56  INFO      No new emails.
2026-05-18 11:49:27  INFO      Checking Gmail for M2 approval emails...
2026-05-18 11:49:32  INFO      No new emails.
2026-05-18 11:49:54  INFO      Checking Gmail for M2 approval emails...
2026-05-18 11:49:59  INFO      No new emails.
2026-05-18 11:50:56  INFO      Checking Gmail for M2 approval emails...
2026-05-18 11:51:01  INFO      No new emails.
2026-05-18 11:51:32  INFO      Checking Gmail for M2 approval emails...
2026-05-18 11:51:37  INFO      No new emails.
2026-05-18 11:51:59  INFO      Checking Gmail for M2 approval emails...
2026-05-18 11:52:07  INFO      No new emails.
2026-05-18 11:53:01  INFO      Checking Gmail for M2 approval emails...
2026-05-18 11:53:05  INFO      No new emails.
2026-05-18 11:53:37  INFO      Checking Gmail for M2 approval emails...
2026-05-18 11:53:45  INFO      No new emails.
2026-05-18 11:54:07  INFO      Checking Gmail for M2 approval emails...
2026-05-18 11:54:12  INFO      No new emails.
2026-05-18 11:55:05  INFO      Checking Gmail for M2 approval emails...
2026-05-18 11:55:09  INFO      No new emails.
2026-05-18 11:55:45  INFO      Checking Gmail for M2 approval emails...
2026-05-18 11:55:50  INFO      No new emails.
2026-05-18 11:56:12  INFO      Checking Gmail for M2 approval emails...
2026-05-18 11:56:16  INFO      No new emails.
2026-05-18 11:57:09  INFO      Checking Gmail for M2 approval emails...
2026-05-18 11:57:14  INFO      No new emails.
2026-05-18 11:57:50  INFO      Checking Gmail for M2 approval emails...
2026-05-18 11:57:54  INFO      No new emails.
2026-05-18 11:58:16  INFO      Checking Gmail for M2 approval emails...
2026-05-18 11:58:21  INFO      No new emails.
2026-05-18 11:59:14  INFO      Checking Gmail for M2 approval emails...
2026-05-18 11:59:18  INFO      No new emails.
2026-05-18 11:59:54  INFO      Checking Gmail for M2 approval emails...
2026-05-18 11:59:59  INFO      No new emails.
2026-05-18 12:00:21  INFO      Checking Gmail for M2 approval emails...
2026-05-18 12:00:25  INFO      No new emails.
2026-05-18 12:01:18  INFO      Checking Gmail for M2 approval emails...
2026-05-18 12:01:23  INFO      No new emails.
2026-05-18 12:01:59  INFO      Checking Gmail for M2 approval emails...
2026-05-18 12:02:04  INFO      No new emails.
2026-05-18 12:02:25  INFO      Checking Gmail for M2 approval emails...
2026-05-18 12:02:31  INFO      No new emails.
2026-05-18 12:03:23  INFO      Checking Gmail for M2 approval emails...
2026-05-18 12:03:28  INFO      No new emails.
2026-05-18 12:04:04  INFO      Checking Gmail for M2 approval emails...
2026-05-18 12:04:08  INFO      No new emails.
2026-05-18 12:04:31  INFO      Checking Gmail for M2 approval emails...
2026-05-18 12:04:35  INFO      No new emails.
2026-05-18 12:05:28  INFO      Checking Gmail for M2 approval emails...
2026-05-18 12:05:31  INFO      No new emails.
2026-05-18 12:06:08  INFO      Checking Gmail for M2 approval emails...
2026-05-18 12:06:11  INFO      No new emails.
2026-05-18 12:06:35  INFO      Checking Gmail for M2 approval emails...
2026-05-18 12:06:41  INFO      No new emails.
2026-05-18 12:07:31  INFO      Checking Gmail for M2 approval emails...
2026-05-18 12:08:00  INFO      No new emails.
2026-05-18 12:08:11  INFO      Checking Gmail for M2 approval emails...
2026-05-18 12:08:16  INFO      No new emails.
2026-05-18 12:08:41  INFO      Checking Gmail for M2 approval emails...
2026-05-18 12:08:46  INFO      No new emails.
2026-05-18 12:10:00  INFO      Checking Gmail for M2 approval emails...
2026-05-18 12:10:05  INFO      No new emails.
2026-05-18 12:10:16  INFO      Checking Gmail for M2 approval emails...
2026-05-18 12:10:20  INFO      No new emails.
2026-05-18 12:10:46  INFO      Checking Gmail for M2 approval emails...
2026-05-18 12:10:51  INFO      No new emails.
2026-05-18 12:12:05  INFO      Checking Gmail for M2 approval emails...
2026-05-18 12:12:10  INFO      No new emails.
2026-05-18 12:12:20  INFO      Checking Gmail for M2 approval emails...
2026-05-18 12:12:32  INFO      No new emails.
2026-05-18 12:12:51  INFO      Checking Gmail for M2 approval emails...
2026-05-18 12:12:57  INFO      No new emails.
2026-05-18 12:14:10  INFO      Checking Gmail for M2 approval emails...
2026-05-18 12:14:15  INFO      No new emails.
2026-05-18 12:14:32  INFO      Checking Gmail for M2 approval emails...
2026-05-18 12:14:36  INFO      No new emails.
2026-05-18 12:14:57  INFO      Checking Gmail for M2 approval emails...
2026-05-18 12:15:02  INFO      No new emails.
2026-05-18 12:16:15  INFO      Checking Gmail for M2 approval emails...
2026-05-18 12:16:24  INFO      No new emails.
2026-05-18 12:16:36  INFO      Checking Gmail for M2 approval emails...
2026-05-18 12:16:41  INFO      No new emails.
2026-05-18 12:17:03  INFO      Checking Gmail for M2 approval emails...
2026-05-18 12:17:11  INFO      No new emails.
2026-05-18 12:18:24  INFO      Checking Gmail for M2 approval emails...
2026-05-18 12:18:29  INFO      No new emails.
2026-05-18 12:18:41  INFO      Checking Gmail for M2 approval emails...
2026-05-18 12:18:47  INFO      No new emails.
2026-05-18 12:19:11  INFO      Checking Gmail for M2 approval emails...
2026-05-18 12:19:17  INFO      No new emails.
2026-05-18 12:20:29  INFO      Checking Gmail for M2 approval emails...
2026-05-18 12:20:33  INFO      No new emails.
2026-05-18 12:20:47  INFO      Checking Gmail for M2 approval emails...
2026-05-18 12:20:52  INFO      No new emails.
2026-05-18 12:21:17  INFO      Checking Gmail for M2 approval emails...
2026-05-18 12:21:20  INFO      No new emails.
2026-05-18 12:22:33  INFO      Checking Gmail for M2 approval emails...
2026-05-18 12:22:37  INFO      No new emails.
2026-05-18 12:22:52  INFO      Checking Gmail for M2 approval emails...
2026-05-18 12:22:55  INFO      No new emails.
2026-05-18 12:23:20  INFO      Checking Gmail for M2 approval emails...
2026-05-18 12:23:23  INFO      No new emails.
2026-05-18 12:24:37  INFO      Checking Gmail for M2 approval emails...
2026-05-18 12:24:40  INFO      No new emails.
2026-05-18 12:24:55  INFO      Checking Gmail for M2 approval emails...
2026-05-18 12:24:58  INFO      No new emails.
2026-05-18 12:25:23  INFO      Checking Gmail for M2 approval emails...
2026-05-18 12:25:27  INFO      No new emails.
2026-05-18 12:26:40  INFO      Checking Gmail for M2 approval emails...
2026-05-18 12:26:45  INFO      No new emails.
2026-05-18 12:26:58  INFO      Checking Gmail for M2 approval emails...
2026-05-18 12:27:02  INFO      No new emails.
2026-05-18 12:27:27  INFO      Checking Gmail for M2 approval emails...
2026-05-18 12:27:32  INFO      No new emails.
2026-05-18 12:28:45  INFO      Checking Gmail for M2 approval emails...
2026-05-18 12:28:49  INFO      No new emails.
2026-05-18 12:29:02  INFO      Checking Gmail for M2 approval emails...
2026-05-18 12:29:05  INFO      No new emails.
2026-05-18 12:29:32  INFO      Checking Gmail for M2 approval emails...
2026-05-18 12:29:35  INFO      No new emails.
2026-05-18 12:30:49  INFO      Checking Gmail for M2 approval emails...
2026-05-18 12:30:53  INFO      No new emails.
2026-05-18 12:31:05  INFO      Checking Gmail for M2 approval emails...
2026-05-18 12:31:14  INFO      No new emails.
2026-05-18 12:31:35  INFO      Checking Gmail for M2 approval emails...
2026-05-18 12:31:38  INFO      No new emails.
2026-05-18 12:32:53  INFO      Checking Gmail for M2 approval emails...
2026-05-18 12:32:56  INFO      No new emails.
2026-05-18 12:33:14  INFO      Checking Gmail for M2 approval emails...
2026-05-18 12:33:17  INFO      No new emails.
2026-05-18 12:33:39  INFO      Checking Gmail for M2 approval emails...
2026-05-18 12:33:42  INFO      No new emails.
2026-05-18 12:34:56  INFO      Checking Gmail for M2 approval emails...
2026-05-18 12:35:00  INFO      No new emails.
2026-05-18 12:35:17  INFO      Checking Gmail for M2 approval emails...
2026-05-18 12:35:42  INFO      Checking Gmail for M2 approval emails...
2026-05-18 12:35:42  INFO      No new emails.
2026-05-18 12:35:45  INFO      No new emails.
2026-05-18 12:37:00  INFO      Checking Gmail for M2 approval emails...
2026-05-18 12:37:04  INFO      No new emails.
2026-05-18 12:37:42  INFO      Checking Gmail for M2 approval emails...
2026-05-18 12:37:45  INFO      Checking Gmail for M2 approval emails...
2026-05-18 12:37:45  INFO      No new emails.
2026-05-18 12:37:48  INFO      No new emails.
2026-05-18 12:39:04  INFO      Checking Gmail for M2 approval emails...
2026-05-18 12:39:07  INFO      No new emails.
2026-05-18 12:39:45  INFO      Checking Gmail for M2 approval emails...
2026-05-18 12:39:48  INFO      Checking Gmail for M2 approval emails...
2026-05-18 12:39:49  INFO      No new emails.
2026-05-18 12:39:52  INFO      No new emails.
2026-05-18 12:41:07  INFO      Checking Gmail for M2 approval emails...
2026-05-18 12:41:10  INFO      No new emails.
2026-05-18 12:41:49  INFO      Checking Gmail for M2 approval emails...
2026-05-18 12:41:52  INFO      Checking Gmail for M2 approval emails...
2026-05-18 12:41:56  INFO      No new emails.
2026-05-18 12:42:42  INFO      No new emails.
2026-05-18 12:43:10  INFO      Checking Gmail for M2 approval emails...
2026-05-18 12:43:15  INFO      No new emails.
2026-05-18 12:43:56  INFO      Checking Gmail for M2 approval emails...
2026-05-18 12:43:59  INFO      No new emails.
2026-05-18 12:44:42  INFO      Checking Gmail for M2 approval emails...
2026-05-18 12:44:46  INFO      No new emails.
2026-05-18 12:45:15  INFO      Checking Gmail for M2 approval emails...
2026-05-18 12:45:18  INFO      No new emails.
2026-05-18 12:45:59  INFO      Checking Gmail for M2 approval emails...
2026-05-18 12:46:07  INFO      No new emails.
2026-05-18 12:46:46  INFO      Checking Gmail for M2 approval emails...
2026-05-18 12:46:49  INFO      No new emails.
2026-05-18 12:47:18  INFO      Checking Gmail for M2 approval emails...
2026-05-18 12:47:21  INFO      No new emails.
2026-05-18 12:48:07  INFO      Checking Gmail for M2 approval emails...
2026-05-18 12:48:10  INFO      No new emails.
2026-05-18 12:48:49  INFO      Checking Gmail for M2 approval emails...
2026-05-18 12:48:53  INFO      No new emails.
2026-05-18 12:49:21  INFO      Checking Gmail for M2 approval emails...
2026-05-18 12:49:26  INFO      No new emails.
2026-05-18 12:50:10  INFO      Checking Gmail for M2 approval emails...
2026-05-18 12:50:13  INFO      No new emails.
2026-05-18 12:50:53  INFO      Checking Gmail for M2 approval emails...
2026-05-18 12:50:56  INFO      No new emails.
2026-05-18 12:51:26  INFO      Checking Gmail for M2 approval emails...
2026-05-18 12:51:29  INFO      No new emails.
2026-05-18 12:52:13  INFO      Checking Gmail for M2 approval emails...
2026-05-18 12:52:18  INFO      No new emails.
2026-05-18 12:52:56  INFO      Checking Gmail for M2 approval emails...
2026-05-18 12:53:00  INFO      No new emails.
2026-05-18 12:53:29  INFO      Checking Gmail for M2 approval emails...
2026-05-18 12:53:33  INFO      No new emails.
2026-05-18 12:54:18  INFO      Checking Gmail for M2 approval emails...
2026-05-18 12:54:23  INFO      No new emails.
2026-05-18 12:55:00  INFO      Checking Gmail for M2 approval emails...
2026-05-18 12:55:06  INFO      No new emails.
2026-05-18 12:55:33  INFO      Checking Gmail for M2 approval emails...
2026-05-18 12:55:36  INFO      No new emails.
2026-05-18 12:56:23  INFO      Checking Gmail for M2 approval emails...
2026-05-18 12:56:26  INFO      No new emails.
2026-05-18 12:57:06  INFO      Checking Gmail for M2 approval emails...
2026-05-18 12:57:09  INFO      No new emails.
2026-05-18 12:57:36  INFO      Checking Gmail for M2 approval emails...
2026-05-18 12:57:39  INFO      No new emails.
2026-05-18 12:58:26  INFO      Checking Gmail for M2 approval emails...
2026-05-18 12:58:29  INFO      No new emails.
2026-05-18 12:59:09  INFO      Checking Gmail for M2 approval emails...
2026-05-18 12:59:12  INFO      No new emails.
2026-05-18 12:59:39  INFO      Checking Gmail for M2 approval emails...
2026-05-18 12:59:43  INFO      No new emails.
2026-05-18 13:00:30  INFO      Checking Gmail for M2 approval emails...
2026-05-18 13:00:33  INFO      No new emails.
2026-05-18 13:01:12  INFO      Checking Gmail for M2 approval emails...
2026-05-18 13:01:38  INFO      No new emails.
2026-05-18 13:01:43  INFO      Checking Gmail for M2 approval emails...
2026-05-18 13:01:46  INFO      No new emails.
2026-05-18 13:02:33  INFO      Checking Gmail for M2 approval emails...
2026-05-18 13:02:36  INFO      No new emails.
2026-05-18 13:03:38  INFO      Checking Gmail for M2 approval emails...
2026-05-18 13:03:43  INFO      No new emails.
2026-05-18 13:03:46  INFO      Checking Gmail for M2 approval emails...
2026-05-18 13:03:51  INFO      No new emails.
2026-05-18 13:04:36  INFO      Checking Gmail for M2 approval emails...
2026-05-18 13:04:41  INFO      No new emails.
2026-05-18 13:05:43  INFO      Checking Gmail for M2 approval emails...
2026-05-18 13:05:51  INFO      Checking Gmail for M2 approval emails...
2026-05-18 13:05:56  INFO      No new emails.
2026-05-18 13:05:56  INFO      No new emails.
2026-05-18 13:06:41  INFO      Checking Gmail for M2 approval emails...
2026-05-18 13:06:46  INFO      No new emails.
2026-05-18 13:07:56  INFO      Checking Gmail for M2 approval emails...
2026-05-18 13:07:56  INFO      Checking Gmail for M2 approval emails...
2026-05-18 13:07:59  INFO      No new emails.
2026-05-18 13:07:59  INFO      No new emails.
2026-05-18 13:08:46  INFO      Checking Gmail for M2 approval emails...
2026-05-18 13:09:45  INFO      No new emails.
2026-05-18 13:09:59  INFO      Checking Gmail for M2 approval emails...
2026-05-18 13:09:59  INFO      Checking Gmail for M2 approval emails...
2026-05-18 13:10:03  INFO      No new emails.
2026-05-18 13:10:03  INFO      No new emails.
2026-05-18 13:11:45  INFO      Checking Gmail for M2 approval emails...
2026-05-18 13:11:50  INFO      No new emails.
2026-05-18 13:12:02  INFO      Checking Gmail for M2 approval emails...
2026-05-18 13:12:03  INFO      Checking Gmail for M2 approval emails...
2026-05-18 13:12:06  INFO      No new emails.
2026-05-18 13:12:06  INFO      No new emails.
2026-05-18 13:13:50  INFO      Checking Gmail for M2 approval emails...
2026-05-18 13:13:56  INFO      No new emails.
2026-05-18 13:14:06  INFO      Checking Gmail for M2 approval emails...
2026-05-18 13:14:06  INFO      Checking Gmail for M2 approval emails...
2026-05-18 13:14:10  INFO      No new emails.
2026-05-18 13:14:10  INFO      No new emails.
2026-05-18 13:15:56  INFO      Checking Gmail for M2 approval emails...
2026-05-18 13:15:59  INFO      No new emails.
2026-05-18 13:16:10  INFO      Checking Gmail for M2 approval emails...
2026-05-18 13:16:10  INFO      Checking Gmail for M2 approval emails...
2026-05-18 13:16:14  INFO      No new emails.
2026-05-18 13:16:14  INFO      No new emails.
2026-05-18 13:17:59  INFO      Checking Gmail for M2 approval emails...
2026-05-18 13:18:02  INFO      No new emails.
2026-05-18 13:18:14  INFO      Checking Gmail for M2 approval emails...
2026-05-18 13:18:14  INFO      Checking Gmail for M2 approval emails...
2026-05-18 13:18:17  INFO      No new emails.
2026-05-18 13:18:18  INFO      No new emails.
2026-05-18 13:20:02  INFO      Checking Gmail for M2 approval emails...
2026-05-18 13:20:06  INFO      No new emails.
2026-05-18 13:20:17  INFO      Checking Gmail for M2 approval emails...
2026-05-18 13:20:18  INFO      Checking Gmail for M2 approval emails...
2026-05-18 13:20:20  INFO      No new emails.
2026-05-18 13:20:21  INFO      No new emails.
2026-05-18 13:22:06  INFO      Checking Gmail for M2 approval emails...
2026-05-18 13:22:09  INFO      No new emails.
2026-05-18 13:22:20  INFO      Checking Gmail for M2 approval emails...
2026-05-18 13:22:21  INFO      Checking Gmail for M2 approval emails...
2026-05-18 13:22:23  INFO      No new emails.
2026-05-18 13:22:24  INFO      No new emails.
2026-05-18 13:24:09  INFO      Checking Gmail for M2 approval emails...
2026-05-18 13:24:12  INFO      No new emails.
2026-05-18 13:24:23  INFO      Checking Gmail for M2 approval emails...
2026-05-18 13:24:24  INFO      Checking Gmail for M2 approval emails...
2026-05-18 13:24:27  INFO      No new emails.
2026-05-18 13:24:47  INFO      No new emails.
2026-05-18 13:26:12  INFO      Checking Gmail for M2 approval emails...
2026-05-18 13:26:16  INFO      No new emails.
2026-05-18 13:26:27  INFO      Checking Gmail for M2 approval emails...
2026-05-18 13:26:31  INFO      No new emails.
2026-05-18 13:26:47  INFO      Checking Gmail for M2 approval emails...
2026-05-18 13:26:51  INFO      No new emails.
2026-05-18 13:28:16  INFO      Checking Gmail for M2 approval emails...
2026-05-18 13:28:19  INFO      No new emails.
2026-05-18 13:28:31  INFO      Checking Gmail for M2 approval emails...
2026-05-18 13:28:34  INFO      No new emails.
2026-05-18 13:28:51  INFO      Checking Gmail for M2 approval emails...
2026-05-18 13:28:54  INFO      No new emails.
2026-05-18 13:30:19  INFO      Checking Gmail for M2 approval emails...
2026-05-18 13:30:23  INFO      No new emails.
2026-05-18 13:30:34  INFO      Checking Gmail for M2 approval emails...
2026-05-18 13:30:37  INFO      No new emails.
2026-05-18 13:30:54  INFO      Checking Gmail for M2 approval emails...
2026-05-18 13:30:57  INFO      No new emails.
2026-05-18 13:32:23  INFO      Checking Gmail for M2 approval emails...
2026-05-18 13:32:26  INFO      No new emails.
2026-05-18 13:32:37  INFO      Checking Gmail for M2 approval emails...
2026-05-18 13:32:46  INFO      No new emails.
2026-05-18 13:32:57  INFO      Checking Gmail for M2 approval emails...
2026-05-18 13:33:00  INFO      No new emails.
2026-05-18 13:34:26  INFO      Checking Gmail for M2 approval emails...
2026-05-18 13:34:29  INFO      No new emails.
2026-05-18 13:34:46  INFO      Checking Gmail for M2 approval emails...
2026-05-18 13:34:50  INFO      No new emails.
2026-05-18 13:35:00  INFO      Checking Gmail for M2 approval emails...
2026-05-18 13:35:04  INFO      No new emails.
2026-05-18 13:36:29  INFO      Checking Gmail for M2 approval emails...
2026-05-18 13:36:32  INFO      No new emails.
2026-05-18 13:36:50  INFO      Checking Gmail for M2 approval emails...
2026-05-18 13:36:54  INFO      No new emails.
2026-05-18 13:37:04  INFO      Checking Gmail for M2 approval emails...
2026-05-18 13:37:09  INFO      No new emails.
2026-05-18 13:38:33  INFO      Checking Gmail for M2 approval emails...
2026-05-18 13:38:37  INFO      No new emails.
2026-05-18 13:38:54  INFO      Checking Gmail for M2 approval emails...
2026-05-18 13:38:57  INFO      No new emails.
2026-05-18 13:39:09  INFO      Checking Gmail for M2 approval emails...
2026-05-18 13:39:12  INFO      No new emails.
2026-05-18 13:40:37  INFO      Checking Gmail for M2 approval emails...
2026-05-18 13:40:41  INFO      No new emails.
2026-05-18 13:40:57  INFO      Checking Gmail for M2 approval emails...
2026-05-18 13:41:01  INFO      No new emails.
2026-05-18 13:41:12  INFO      Checking Gmail for M2 approval emails...
2026-05-18 13:41:15  INFO      No new emails.
2026-05-18 13:42:41  INFO      Checking Gmail for M2 approval emails...
2026-05-18 13:42:47  INFO      No new emails.
2026-05-18 13:43:01  INFO      Checking Gmail for M2 approval emails...
2026-05-18 13:43:04  INFO      No new emails.
2026-05-18 13:43:15  INFO      Checking Gmail for M2 approval emails...
2026-05-18 13:43:18  INFO      No new emails.
2026-05-18 13:44:47  INFO      Checking Gmail for M2 approval emails...
2026-05-18 13:44:50  INFO      No new emails.
2026-05-18 13:45:04  INFO      Checking Gmail for M2 approval emails...
2026-05-18 13:45:08  INFO      No new emails.
2026-05-18 13:45:18  INFO      Checking Gmail for M2 approval emails...
2026-05-18 13:45:21  INFO      No new emails.
2026-05-18 13:46:50  INFO      Checking Gmail for M2 approval emails...
2026-05-18 13:46:54  INFO      No new emails.
2026-05-18 13:47:08  INFO      Checking Gmail for M2 approval emails...
2026-05-18 13:47:11  INFO      No new emails.
2026-05-18 13:47:21  INFO      Checking Gmail for M2 approval emails...
2026-05-18 13:47:24  INFO      No new emails.
2026-05-18 13:48:54  INFO      Checking Gmail for M2 approval emails...
2026-05-18 13:48:58  INFO      No new emails.
2026-05-18 13:49:11  INFO      Checking Gmail for M2 approval emails...
2026-05-18 13:49:15  INFO      No new emails.
2026-05-18 13:49:24  INFO      Checking Gmail for M2 approval emails...
2026-05-18 13:49:28  INFO      No new emails.
2026-05-18 13:50:58  INFO      Checking Gmail for M2 approval emails...
2026-05-18 13:51:01  INFO      No new emails.
2026-05-18 13:51:15  INFO      Checking Gmail for M2 approval emails...
2026-05-18 13:51:18  INFO      No new emails.
2026-05-18 13:51:28  INFO      Checking Gmail for M2 approval emails...
2026-05-18 13:51:31  INFO      No new emails.
2026-05-18 13:53:01  INFO      Checking Gmail for M2 approval emails...
2026-05-18 13:53:05  INFO      No new emails.
2026-05-18 13:53:18  INFO      Checking Gmail for M2 approval emails...
2026-05-18 13:53:21  INFO      No new emails.
2026-05-18 13:53:31  INFO      Checking Gmail for M2 approval emails...
2026-05-18 13:53:34  INFO      No new emails.
2026-05-18 13:55:05  INFO      Checking Gmail for M2 approval emails...
2026-05-18 13:55:09  INFO      No new emails.
2026-05-18 13:55:21  INFO      Checking Gmail for M2 approval emails...
2026-05-18 13:55:25  INFO      No new emails.
2026-05-18 13:55:34  INFO      Checking Gmail for M2 approval emails...
2026-05-18 13:55:37  INFO      No new emails.
2026-05-18 13:57:09  INFO      Checking Gmail for M2 approval emails...
2026-05-18 13:57:15  INFO      No new emails.
2026-05-18 13:57:25  INFO      Checking Gmail for M2 approval emails...
2026-05-18 13:57:29  INFO      No new emails.
2026-05-18 13:57:37  INFO      Checking Gmail for M2 approval emails...
2026-05-18 13:57:40  INFO      No new emails.
2026-05-18 13:59:15  INFO      Checking Gmail for M2 approval emails...
2026-05-18 13:59:18  INFO      No new emails.
2026-05-18 13:59:29  INFO      Checking Gmail for M2 approval emails...
2026-05-18 13:59:32  INFO      No new emails.
2026-05-18 13:59:40  INFO      Checking Gmail for M2 approval emails...
2026-05-18 13:59:44  INFO      No new emails.
2026-05-18 14:01:18  INFO      Checking Gmail for M2 approval emails...
2026-05-18 14:01:22  INFO      No new emails.
2026-05-18 14:01:32  INFO      Checking Gmail for M2 approval emails...
2026-05-18 14:01:39  INFO      No new emails.
2026-05-18 14:01:44  INFO      Checking Gmail for M2 approval emails...
2026-05-18 14:01:48  INFO      No new emails.
2026-05-18 14:03:22  INFO      Checking Gmail for M2 approval emails...
2026-05-18 14:03:26  INFO      No new emails.
2026-05-18 14:03:39  INFO      Checking Gmail for M2 approval emails...
2026-05-18 14:03:44  INFO      No new emails.
2026-05-18 14:03:48  INFO      Checking Gmail for M2 approval emails...
2026-05-18 14:03:51  INFO      No new emails.
2026-05-18 14:05:26  INFO      Checking Gmail for M2 approval emails...
2026-05-18 14:05:29  INFO      No new emails.
2026-05-18 14:05:44  INFO      Checking Gmail for M2 approval emails...
2026-05-18 14:05:51  INFO      Checking Gmail for M2 approval emails...
2026-05-18 14:05:53  INFO      No new emails.
2026-05-18 14:05:56  INFO      No new emails.
2026-05-18 14:07:29  INFO      Checking Gmail for M2 approval emails...
2026-05-18 14:07:32  INFO      No new emails.
2026-05-18 14:07:53  INFO      Checking Gmail for M2 approval emails...
2026-05-18 14:07:56  INFO      Checking Gmail for M2 approval emails...
2026-05-18 14:07:57  INFO      No new emails.
2026-05-18 14:07:59  INFO      No new emails.
2026-05-18 14:09:33  INFO      Checking Gmail for M2 approval emails...
2026-05-18 14:09:39  INFO      No new emails.
2026-05-18 14:09:57  INFO      Checking Gmail for M2 approval emails...
2026-05-18 14:09:59  INFO      Checking Gmail for M2 approval emails...
2026-05-18 14:10:00  INFO      No new emails.
2026-05-18 14:10:02  INFO      No new emails.
2026-05-18 14:11:39  INFO      Checking Gmail for M2 approval emails...
2026-05-18 14:11:46  INFO      No new emails.
2026-05-18 14:12:00  INFO      Checking Gmail for M2 approval emails...
2026-05-18 14:12:02  INFO      Checking Gmail for M2 approval emails...
2026-05-18 14:12:06  INFO      No new emails.
2026-05-18 14:12:08  INFO      No new emails.
2026-05-18 14:13:46  INFO      Checking Gmail for M2 approval emails...
2026-05-18 14:13:51  INFO      No new emails.
2026-05-18 14:14:06  INFO      Checking Gmail for M2 approval emails...
2026-05-18 14:14:08  INFO      Checking Gmail for M2 approval emails...
2026-05-18 14:14:10  INFO      No new emails.
2026-05-18 14:14:12  INFO      No new emails.
2026-05-18 14:15:51  INFO      Checking Gmail for M2 approval emails...
2026-05-18 14:15:54  INFO      No new emails.
2026-05-18 14:16:10  INFO      Checking Gmail for M2 approval emails...
2026-05-18 14:16:12  INFO      Checking Gmail for M2 approval emails...
2026-05-18 14:16:14  INFO      No new emails.
2026-05-18 14:16:15  INFO      No new emails.
2026-05-18 14:17:54  INFO      Checking Gmail for M2 approval emails...
2026-05-18 14:17:58  INFO      No new emails.
2026-05-18 14:18:14  INFO      Checking Gmail for M2 approval emails...
2026-05-18 14:18:15  INFO      Checking Gmail for M2 approval emails...
2026-05-18 14:18:17  INFO      No new emails.
2026-05-18 14:18:18  INFO      No new emails.
2026-05-18 14:19:58  INFO      Checking Gmail for M2 approval emails...
2026-05-18 14:20:01  INFO      No new emails.
2026-05-18 14:20:17  INFO      Checking Gmail for M2 approval emails...
2026-05-18 14:20:18  INFO      Checking Gmail for M2 approval emails...
2026-05-18 14:20:20  INFO      No new emails.
2026-05-18 14:20:21  INFO      No new emails.
2026-05-18 14:22:01  INFO      Checking Gmail for M2 approval emails...
2026-05-18 14:22:04  INFO      No new emails.
2026-05-18 14:22:20  INFO      Checking Gmail for M2 approval emails...
2026-05-18 14:22:21  INFO      Checking Gmail for M2 approval emails...
2026-05-18 14:22:23  INFO      No new emails.
2026-05-18 14:22:26  INFO      No new emails.
2026-05-18 14:24:04  INFO      Checking Gmail for M2 approval emails...
2026-05-18 14:24:08  INFO      No new emails.
2026-05-18 14:24:24  INFO      Checking Gmail for M2 approval emails...
2026-05-18 14:24:26  INFO      Checking Gmail for M2 approval emails...
2026-05-18 14:24:27  INFO      No new emails.
2026-05-18 14:24:31  INFO      No new emails.
2026-05-18 14:26:08  INFO      Checking Gmail for M2 approval emails...
2026-05-18 14:26:12  INFO      No new emails.
2026-05-18 14:26:27  INFO      Checking Gmail for M2 approval emails...
2026-05-18 14:26:30  INFO      No new emails.
2026-05-18 14:26:31  INFO      Checking Gmail for M2 approval emails...
2026-05-18 14:26:34  INFO      No new emails.
2026-05-18 14:28:12  INFO      Checking Gmail for M2 approval emails...
2026-05-18 14:28:15  INFO      No new emails.
2026-05-18 14:28:30  INFO      Checking Gmail for M2 approval emails...
2026-05-18 14:28:33  INFO      No new emails.
2026-05-18 14:28:34  INFO      Checking Gmail for M2 approval emails...
2026-05-18 14:28:37  INFO      No new emails.
2026-05-18 14:30:15  INFO      Checking Gmail for M2 approval emails...
2026-05-18 14:30:19  INFO      No new emails.
2026-05-18 14:30:33  INFO      Checking Gmail for M2 approval emails...
2026-05-18 14:30:36  INFO      No new emails.
2026-05-18 14:30:37  INFO      Checking Gmail for M2 approval emails...
2026-05-18 14:30:41  INFO      No new emails.
2026-05-18 14:32:19  INFO      Checking Gmail for M2 approval emails...
2026-05-18 14:32:22  INFO      No new emails.
2026-05-18 14:32:36  INFO      Checking Gmail for M2 approval emails...
2026-05-18 14:32:40  INFO      No new emails.
2026-05-18 14:32:41  INFO      Checking Gmail for M2 approval emails...
2026-05-18 14:33:02  INFO      No new emails.
2026-05-18 14:34:22  INFO      Checking Gmail for M2 approval emails...
2026-05-18 14:34:26  INFO      No new emails.
2026-05-18 14:34:40  INFO      Checking Gmail for M2 approval emails...
2026-05-18 14:34:47  INFO      No new emails.
2026-05-18 14:35:02  INFO      Checking Gmail for M2 approval emails...
2026-05-18 14:35:06  INFO      No new emails.
2026-05-18 14:36:26  INFO      Checking Gmail for M2 approval emails...
2026-05-18 14:36:30  INFO      No new emails.
2026-05-18 14:36:47  INFO      Checking Gmail for M2 approval emails...
2026-05-18 14:36:50  INFO      No new emails.
2026-05-18 14:37:06  INFO      Checking Gmail for M2 approval emails...
2026-05-18 14:37:09  INFO      No new emails.
2026-05-18 14:38:30  INFO      Checking Gmail for M2 approval emails...
2026-05-18 14:38:34  INFO      No new emails.
2026-05-18 14:38:50  INFO      Checking Gmail for M2 approval emails...
2026-05-18 14:38:53  INFO      No new emails.
2026-05-18 14:39:09  INFO      Checking Gmail for M2 approval emails...
2026-05-18 14:39:13  INFO      No new emails.
2026-05-18 14:40:34  INFO      Checking Gmail for M2 approval emails...
2026-05-18 14:40:37  INFO      No new emails.
2026-05-18 14:40:53  INFO      Checking Gmail for M2 approval emails...
2026-05-18 14:40:56  INFO      No new emails.
2026-05-18 14:41:13  INFO      Checking Gmail for M2 approval emails...
2026-05-18 14:41:17  INFO      No new emails.
2026-05-18 14:42:37  INFO      Checking Gmail for M2 approval emails...
2026-05-18 14:42:41  INFO      No new emails.
2026-05-18 14:42:56  INFO      Checking Gmail for M2 approval emails...
2026-05-18 14:42:59  INFO      No new emails.
2026-05-18 14:43:17  INFO      Checking Gmail for M2 approval emails...
2026-05-18 14:43:20  INFO      No new emails.
2026-05-18 14:44:41  INFO      Checking Gmail for M2 approval emails...
2026-05-18 14:44:49  INFO      No new emails.
2026-05-18 14:44:59  INFO      Checking Gmail for M2 approval emails...
2026-05-18 14:45:02  INFO      No new emails.
2026-05-18 14:45:20  INFO      Checking Gmail for M2 approval emails...
2026-05-18 14:45:23  INFO      No new emails.
2026-05-18 14:46:49  INFO      Checking Gmail for M2 approval emails...
2026-05-18 14:46:52  INFO      No new emails.
2026-05-18 14:47:02  INFO      Checking Gmail for M2 approval emails...
2026-05-18 14:47:05  INFO      No new emails.
2026-05-18 14:47:23  INFO      Checking Gmail for M2 approval emails...
2026-05-18 14:47:26  INFO      No new emails.
2026-05-18 14:48:52  INFO      Checking Gmail for M2 approval emails...
2026-05-18 14:48:56  INFO      No new emails.
2026-05-18 14:49:05  INFO      Checking Gmail for M2 approval emails...
2026-05-18 14:49:08  INFO      No new emails.
2026-05-18 14:49:26  INFO      Checking Gmail for M2 approval emails...
2026-05-18 14:49:29  INFO      No new emails.
2026-05-18 14:50:56  INFO      Checking Gmail for M2 approval emails...
2026-05-18 14:50:59  INFO      No new emails.
2026-05-18 14:51:08  INFO      Checking Gmail for M2 approval emails...
2026-05-18 14:51:13  INFO      No new emails.
2026-05-18 14:51:29  INFO      Checking Gmail for M2 approval emails...
2026-05-18 14:51:33  INFO      No new emails.
2026-05-18 14:52:59  INFO      Checking Gmail for M2 approval emails...
2026-05-18 14:53:02  INFO      No new emails.
2026-05-18 14:53:13  INFO      Checking Gmail for M2 approval emails...
2026-05-18 14:53:17  INFO      No new emails.
2026-05-18 14:53:33  INFO      Checking Gmail for M2 approval emails...
2026-05-18 14:53:36  INFO      No new emails.
2026-05-18 14:55:02  INFO      Checking Gmail for M2 approval emails...
2026-05-18 14:55:06  INFO      No new emails.
2026-05-18 14:55:17  INFO      Checking Gmail for M2 approval emails...
2026-05-18 14:55:20  INFO      No new emails.
2026-05-18 14:55:36  INFO      Checking Gmail for M2 approval emails...
2026-05-18 14:55:39  INFO      No new emails.
2026-05-18 14:57:06  INFO      Checking Gmail for M2 approval emails...
2026-05-18 14:57:09  INFO      No new emails.
2026-05-18 14:57:20  INFO      Checking Gmail for M2 approval emails...
2026-05-18 14:57:23  INFO      No new emails.
2026-05-18 14:57:39  INFO      Checking Gmail for M2 approval emails...
2026-05-18 14:57:43  INFO      No new emails.
2026-05-18 14:59:09  INFO      Checking Gmail for M2 approval emails...
2026-05-18 14:59:12  INFO      No new emails.
2026-05-18 14:59:23  INFO      Checking Gmail for M2 approval emails...
2026-05-18 14:59:27  INFO      No new emails.
2026-05-18 14:59:43  INFO      Checking Gmail for M2 approval emails...
2026-05-18 14:59:46  INFO      No new emails.
2026-05-18 15:01:12  INFO      Checking Gmail for M2 approval emails...
2026-05-18 15:01:15  INFO      No new emails.
2026-05-18 15:01:27  INFO      Checking Gmail for M2 approval emails...
2026-05-18 15:01:30  INFO      No new emails.
2026-05-18 15:01:46  INFO      Checking Gmail for M2 approval emails...
2026-05-18 15:01:49  INFO      No new emails.
2026-05-18 15:03:15  INFO      Checking Gmail for M2 approval emails...
2026-05-18 15:03:19  INFO      No new emails.
2026-05-18 15:03:30  INFO      Checking Gmail for M2 approval emails...
2026-05-18 15:03:34  INFO      No new emails.
2026-05-18 15:03:49  INFO      Checking Gmail for M2 approval emails...
2026-05-18 15:03:52  INFO      No new emails.
2026-05-18 15:05:19  INFO      Checking Gmail for M2 approval emails...
2026-05-18 15:05:23  INFO      No new emails.
2026-05-18 15:05:34  INFO      Checking Gmail for M2 approval emails...
2026-05-18 15:05:37  INFO      No new emails.
2026-05-18 15:05:52  INFO      Checking Gmail for M2 approval emails...
2026-05-18 15:05:55  INFO      No new emails.
2026-05-18 15:07:23  INFO      Checking Gmail for M2 approval emails...
2026-05-18 15:07:26  INFO      No new emails.
2026-05-18 15:07:37  INFO      Checking Gmail for M2 approval emails...
2026-05-18 15:07:40  INFO      No new emails.
2026-05-18 15:07:55  INFO      Checking Gmail for M2 approval emails...
2026-05-18 15:07:59  INFO      No new emails.
2026-05-18 15:09:26  INFO      Checking Gmail for M2 approval emails...
2026-05-18 15:09:30  INFO      No new emails.
2026-05-18 15:09:40  INFO      Checking Gmail for M2 approval emails...
2026-05-18 15:09:44  INFO      No new emails.
2026-05-18 15:09:59  INFO      Checking Gmail for M2 approval emails...
2026-05-18 15:10:03  INFO      No new emails.
2026-05-18 15:11:30  INFO      Checking Gmail for M2 approval emails...
2026-05-18 15:11:33  INFO      No new emails.
2026-05-18 15:11:44  INFO      Checking Gmail for M2 approval emails...
2026-05-18 15:11:47  INFO      No new emails.
2026-05-18 15:12:03  INFO      Checking Gmail for M2 approval emails...
2026-05-18 15:12:07  INFO      No new emails.
2026-05-18 15:13:33  INFO      Checking Gmail for M2 approval emails...
2026-05-18 15:13:37  INFO      No new emails.
2026-05-18 15:13:47  INFO      Checking Gmail for M2 approval emails...
2026-05-18 15:13:51  INFO      No new emails.
2026-05-18 15:14:07  INFO      Checking Gmail for M2 approval emails...
2026-05-18 15:14:10  INFO      No new emails.
2026-05-18 15:15:37  INFO      Checking Gmail for M2 approval emails...
2026-05-18 15:15:41  INFO      No new emails.
2026-05-18 15:15:51  INFO      Checking Gmail for M2 approval emails...
2026-05-18 15:15:54  INFO      No new emails.
2026-05-18 15:16:10  INFO      Checking Gmail for M2 approval emails...
2026-05-18 15:16:14  INFO      No new emails.
2026-05-18 15:17:41  INFO      Checking Gmail for M2 approval emails...
2026-05-18 15:17:44  INFO      No new emails.
2026-05-18 15:17:54  INFO      Checking Gmail for M2 approval emails...
2026-05-18 15:17:57  INFO      No new emails.
2026-05-18 15:18:14  INFO      Checking Gmail for M2 approval emails...
2026-05-18 15:18:18  INFO      No new emails.
2026-05-18 15:19:44  INFO      Checking Gmail for M2 approval emails...
2026-05-18 15:19:49  INFO      No new emails.
2026-05-18 15:19:57  INFO      Checking Gmail for M2 approval emails...
2026-05-18 15:20:01  INFO      No new emails.
2026-05-18 15:20:18  INFO      Checking Gmail for M2 approval emails...
2026-05-18 15:20:21  INFO      No new emails.
2026-05-18 15:21:49  INFO      Checking Gmail for M2 approval emails...
2026-05-18 15:21:52  INFO      No new emails.
2026-05-18 15:22:01  INFO      Checking Gmail for M2 approval emails...
2026-05-18 15:22:05  INFO      No new emails.
2026-05-18 15:22:21  INFO      Checking Gmail for M2 approval emails...
2026-05-18 15:22:25  INFO      No new emails.
2026-05-18 15:23:52  INFO      Checking Gmail for M2 approval emails...
2026-05-18 15:23:57  INFO      No new emails.
2026-05-18 15:24:05  INFO      Checking Gmail for M2 approval emails...
2026-05-18 15:24:09  INFO      No new emails.
2026-05-18 15:25:57  INFO      Checking Gmail for M2 approval emails...
2026-05-18 15:26:00  INFO      No new emails.
2026-05-18 15:28:00  INFO      Checking Gmail for M2 approval emails...
2026-05-18 15:28:04  INFO      No new emails.
2026-05-18 15:30:04  INFO      Checking Gmail for M2 approval emails...
2026-05-18 15:30:08  INFO      No new emails.
2026-05-18 15:32:08  INFO      Checking Gmail for M2 approval emails...
2026-05-18 15:32:11  INFO      No new emails.
2026-05-18 15:34:11  INFO      Checking Gmail for M2 approval emails...
2026-05-18 15:34:14  INFO      No new emails.
2026-05-18 15:36:14  INFO      Checking Gmail for M2 approval emails...
2026-05-18 15:36:18  INFO      No new emails.
2026-05-18 15:38:18  INFO      Checking Gmail for M2 approval emails...
2026-05-18 15:38:21  INFO      No new emails.
2026-05-18 15:40:21  INFO      Checking Gmail for M2 approval emails...
2026-05-18 15:40:24  INFO      No new emails.
2026-05-18 15:42:24  INFO      Checking Gmail for M2 approval emails...
2026-05-18 15:42:28  INFO      No new emails.
2026-05-18 15:44:28  INFO      Checking Gmail for M2 approval emails...
2026-05-18 15:44:32  INFO      No new emails.
2026-05-18 15:46:32  INFO      Checking Gmail for M2 approval emails...
2026-05-18 15:46:35  INFO      No new emails.
2026-05-18 15:48:35  INFO      Checking Gmail for M2 approval emails...
2026-05-18 15:48:39  INFO      No new emails.
2026-05-18 15:50:39  INFO      Checking Gmail for M2 approval emails...
2026-05-18 15:50:42  INFO      No new emails.
2026-05-18 15:52:43  INFO      Checking Gmail for M2 approval emails...
2026-05-18 15:52:46  INFO      No new emails.
2026-05-18 15:54:46  INFO      Checking Gmail for M2 approval emails...
2026-05-18 15:54:50  INFO      No new emails.
2026-05-18 15:56:50  INFO      Checking Gmail for M2 approval emails...
2026-05-18 15:56:54  INFO      No new emails.
2026-05-18 15:58:54  INFO      Checking Gmail for M2 approval emails...
2026-05-18 15:58:57  INFO      No new emails.
2026-05-18 16:00:57  INFO      Checking Gmail for M2 approval emails...
2026-05-18 16:01:01  INFO      No new emails.
2026-05-18 16:03:36  INFO      Checking Gmail for M2 approval emails...
2026-05-18 16:03:39  ERROR     Unexpected error — will retry on next poll.
Traceback (most recent call last):
  File "/Users/samlesueur/vero-power/m2_automation.py", line 335, in main
    emails = fetch_new_m2_emails(processed_ids)
  File "/Users/samlesueur/vero-power/m2_automation.py", line 160, in fetch_new_m2_emails
    mail = imaplib.IMAP4_SSL('imap.gmail.com')
  File "/Library/Developer/CommandLineTools/Library/Frameworks/Python3.framework/Versions/3.9/lib/python3.9/imaplib.py", line 1324, in __init__
    IMAP4.__init__(self, host, port, timeout)
  File "/Library/Developer/CommandLineTools/Library/Frameworks/Python3.framework/Versions/3.9/lib/python3.9/imaplib.py", line 202, in __init__
    self.open(host, port, timeout)
  File "/Library/Developer/CommandLineTools/Library/Frameworks/Python3.framework/Versions/3.9/lib/python3.9/imaplib.py", line 1337, in open
    IMAP4.open(self, host, port, timeout)
  File "/Library/Developer/CommandLineTools/Library/Frameworks/Python3.framework/Versions/3.9/lib/python3.9/imaplib.py", line 312, in open
    self.sock = self._create_socket(timeout)
  File "/Library/Developer/CommandLineTools/Library/Frameworks/Python3.framework/Versions/3.9/lib/python3.9/imaplib.py", line 1327, in _create_socket
    sock = IMAP4._create_socket(self, timeout)
  File "/Library/Developer/CommandLineTools/Library/Frameworks/Python3.framework/Versions/3.9/lib/python3.9/imaplib.py", line 302, in _create_socket
    return socket.create_connection(address)
  File "/Library/Developer/CommandLineTools/Library/Frameworks/Python3.framework/Versions/3.9/lib/python3.9/socket.py", line 822, in create_connection
    for res in getaddrinfo(host, port, 0, SOCK_STREAM):
  File "/Library/Developer/CommandLineTools/Library/Frameworks/Python3.framework/Versions/3.9/lib/python3.9/socket.py", line 953, in getaddrinfo
    for res in _socket.getaddrinfo(host, port, family, type, proto, flags):
socket.gaierror: [Errno 8] nodename nor servname provided, or not known
2026-05-18 23:32:04  INFO      Checking Gmail for M2 approval emails...
2026-05-18 23:32:17  INFO      No new emails.
2026-05-19 06:07:44  INFO      Checking Gmail for M2 approval emails...
2026-05-19 20:32:33  ERROR     Unexpected error — will retry on next poll.
Traceback (most recent call last):
  File "/Users/samlesueur/vero-power/m2_automation.py", line 335, in main
    emails = fetch_new_m2_emails(processed_ids)
  File "/Users/samlesueur/vero-power/m2_automation.py", line 161, in fetch_new_m2_emails
    mail.login(GMAIL_ADDRESS, GMAIL_APP_PW)
  File "/Library/Developer/CommandLineTools/Library/Frameworks/Python3.framework/Versions/3.9/lib/python3.9/imaplib.py", line 610, in login
    typ, dat = self._simple_command('LOGIN', user, self._quote(password))
  File "/Library/Developer/CommandLineTools/Library/Frameworks/Python3.framework/Versions/3.9/lib/python3.9/imaplib.py", line 1230, in _simple_command
    return self._command_complete(name, self._command(name, *args))
  File "/Library/Developer/CommandLineTools/Library/Frameworks/Python3.framework/Versions/3.9/lib/python3.9/imaplib.py", line 1047, in _command_complete
    typ, data = self._get_tagged_response(tag, expect_bye=logout)
  File "/Library/Developer/CommandLineTools/Library/Frameworks/Python3.framework/Versions/3.9/lib/python3.9/imaplib.py", line 1173, in _get_tagged_response
    self._get_response()
  File "/Library/Developer/CommandLineTools/Library/Frameworks/Python3.framework/Versions/3.9/lib/python3.9/imaplib.py", line 1075, in _get_response
    resp = self._get_line()
  File "/Library/Developer/CommandLineTools/Library/Frameworks/Python3.framework/Versions/3.9/lib/python3.9/imaplib.py", line 1183, in _get_line
    line = self.readline()
  File "/Library/Developer/CommandLineTools/Library/Frameworks/Python3.framework/Versions/3.9/lib/python3.9/imaplib.py", line 323, in readline
    line = self.file.readline(_MAXLINE + 1)
  File "/Library/Developer/CommandLineTools/Library/Frameworks/Python3.framework/Versions/3.9/lib/python3.9/socket.py", line 704, in readinto
    return self._sock.recv_into(b)
  File "/Library/Developer/CommandLineTools/Library/Frameworks/Python3.framework/Versions/3.9/lib/python3.9/ssl.py", line 1241, in recv_into
    return self.read(nbytes, buffer)
  File "/Library/Developer/CommandLineTools/Library/Frameworks/Python3.framework/Versions/3.9/lib/python3.9/ssl.py", line 1099, in read
    return self._sslobj.read(len, buffer)
TimeoutError: [Errno 60] Operation timed out
2026-05-19 20:34:53  INFO      Checking Gmail for M2 approval emails...
2026-05-19 20:35:08  INFO      No new emails.
/Users/samlesueur/Library/Python/3.9/lib/python/site-packages/urllib3/__init__.py:35: NotOpenSSLWarning: urllib3 v2 only supports OpenSSL 1.1.1+, currently the 'ssl' module is compiled with 'LibreSSL 2.8.3'. See: https://github.com/urllib3/urllib3/issues/3020
  warnings.warn(
2026-05-19 20:36:05  INFO      M2 automation started — polling Gmail every 2 minutes.
2026-05-19 20:36:05  INFO      Checking Gmail for M2 approval emails...
2026-05-19 20:36:10  INFO      No new emails.
2026-05-19 20:38:10  INFO      Checking Gmail for M2 approval emails...
2026-05-19 20:38:14  INFO      No new emails.
2026-05-19 20:40:14  INFO      Checking Gmail for M2 approval emails...
2026-05-19 20:40:18  INFO      No new emails.
2026-05-19 20:42:18  INFO      Checking Gmail for M2 approval emails...
2026-05-19 20:42:22  INFO      No new emails.
2026-05-19 20:44:22  INFO      Checking Gmail for M2 approval emails...
2026-05-19 20:44:28  INFO      No new emails.
2026-05-19 20:46:28  INFO      Checking Gmail for M2 approval emails...
2026-05-19 20:46:33  INFO      No new emails.
2026-05-19 20:48:33  INFO      Checking Gmail for M2 approval emails...
2026-05-19 20:48:37  INFO      No new emails.
2026-05-19 20:50:37  INFO      Checking Gmail for M2 approval emails...
2026-05-19 20:50:40  INFO      No new emails.
2026-05-19 20:52:41  INFO      Checking Gmail for M2 approval emails...
2026-05-19 20:52:45  INFO      No new emails.
2026-05-19 20:54:45  INFO      Checking Gmail for M2 approval emails...
2026-05-19 20:54:49  INFO      No new emails.
2026-05-19 20:56:49  INFO      Checking Gmail for M2 approval emails...
2026-05-19 20:56:54  INFO      No new emails.
2026-05-19 20:58:54  INFO      Checking Gmail for M2 approval emails...
2026-05-19 20:58:58  INFO      No new emails.
2026-05-19 21:00:58  INFO      Checking Gmail for M2 approval emails...
2026-05-19 21:01:02  INFO      No new emails.
2026-05-19 21:03:02  INFO      Checking Gmail for M2 approval emails...
2026-05-19 21:03:06  INFO      No new emails.
2026-05-19 21:05:06  INFO      Checking Gmail for M2 approval emails...
2026-05-19 21:05:11  INFO      No new emails.
2026-05-19 21:07:11  INFO      Checking Gmail for M2 approval emails...
2026-05-19 21:07:15  INFO      No new emails.
2026-05-19 21:09:15  INFO      Checking Gmail for M2 approval emails...
2026-05-19 21:09:19  INFO      No new emails.
2026-05-19 21:11:19  INFO      Checking Gmail for M2 approval emails...
2026-05-19 21:11:23  INFO      No new emails.
2026-05-19 21:13:23  INFO      Checking Gmail for M2 approval emails...
2026-05-19 21:13:27  INFO      No new emails.
2026-05-19 21:15:28  INFO      Checking Gmail for M2 approval emails...
2026-05-19 21:15:33  INFO      No new emails.
2026-05-19 21:17:33  INFO      Checking Gmail for M2 approval emails...
2026-05-19 21:17:37  INFO      No new emails.
2026-05-19 21:19:37  INFO      Checking Gmail for M2 approval emails...
2026-05-19 21:19:41  INFO      No new emails.
2026-05-19 21:21:41  INFO      Checking Gmail for M2 approval emails...
2026-05-19 21:21:46  INFO      No new emails.
2026-05-19 21:23:46  INFO      Checking Gmail for M2 approval emails...
2026-05-19 21:23:50  INFO      No new emails.
2026-05-19 21:25:50  INFO      Checking Gmail for M2 approval emails...
2026-05-19 21:25:54  INFO      No new emails.
2026-05-19 21:27:54  INFO      Checking Gmail for M2 approval emails...
2026-05-19 21:27:59  INFO      No new emails.
2026-05-19 21:29:59  INFO      Checking Gmail for M2 approval emails...
2026-05-19 21:30:03  INFO      No new emails.
2026-05-19 21:32:03  INFO      Checking Gmail for M2 approval emails...
2026-05-19 21:32:08  INFO      No new emails.
2026-05-19 21:34:08  INFO      Checking Gmail for M2 approval emails...
2026-05-19 21:34:12  INFO      No new emails.
2026-05-19 21:36:12  INFO      Checking Gmail for M2 approval emails...
2026-05-19 21:36:16  INFO      No new emails.
2026-05-19 21:38:16  INFO      Checking Gmail for M2 approval emails...
2026-05-19 21:38:20  INFO      No new emails.
2026-05-19 21:40:21  INFO      Checking Gmail for M2 approval emails...
2026-05-19 21:40:26  INFO      No new emails.
2026-05-19 21:42:26  INFO      Checking Gmail for M2 approval emails...
2026-05-19 21:42:31  INFO      No new emails.
2026-05-19 21:44:31  INFO      Checking Gmail for M2 approval emails...
2026-05-19 21:44:36  INFO      No new emails.
2026-05-19 21:46:36  INFO      Checking Gmail for M2 approval emails...
2026-05-19 21:46:42  INFO      No new emails.
2026-05-19 21:48:42  INFO      Checking Gmail for M2 approval emails...
2026-05-19 21:48:47  INFO      No new emails.
2026-05-19 21:50:47  INFO      Checking Gmail for M2 approval emails...
2026-05-19 21:50:52  INFO      No new emails.
2026-05-19 21:52:52  INFO      Checking Gmail for M2 approval emails...
2026-05-19 21:52:57  INFO      No new emails.
2026-05-19 21:54:57  INFO      Checking Gmail for M2 approval emails...
2026-05-19 21:55:03  INFO      No new emails.
2026-05-19 21:57:03  INFO      Checking Gmail for M2 approval emails...
2026-05-19 21:57:07  INFO      No new emails.
2026-05-19 21:59:07  INFO      Checking Gmail for M2 approval emails...
2026-05-19 21:59:12  INFO      No new emails.
2026-05-19 22:01:12  INFO      Checking Gmail for M2 approval emails...
2026-05-19 22:01:17  INFO      No new emails.
2026-05-19 22:03:17  INFO      Checking Gmail for M2 approval emails...
2026-05-19 22:03:21  INFO      No new emails.
2026-05-19 22:05:21  INFO      Checking Gmail for M2 approval emails...
2026-05-19 22:05:25  INFO      No new emails.
2026-05-19 22:07:25  INFO      Checking Gmail for M2 approval emails...
2026-05-19 22:07:30  INFO      No new emails.
2026-05-19 22:09:30  INFO      Checking Gmail for M2 approval emails...
2026-05-19 22:09:34  INFO      No new emails.
2026-05-19 22:11:34  INFO      Checking Gmail for M2 approval emails...
2026-05-19 22:11:40  INFO      No new emails.
2026-05-19 22:13:40  INFO      Checking Gmail for M2 approval emails...
2026-05-19 22:13:45  INFO      No new emails.
2026-05-19 22:15:45  INFO      Checking Gmail for M2 approval emails...
2026-05-19 22:15:50  INFO      No new emails.
2026-05-19 22:17:50  INFO      Checking Gmail for M2 approval emails...
2026-05-19 22:17:55  INFO      No new emails.
2026-05-19 22:19:55  INFO      Checking Gmail for M2 approval emails...
2026-05-19 22:19:59  INFO      No new emails.
2026-05-19 22:21:59  INFO      Checking Gmail for M2 approval emails...
2026-05-19 22:22:04  INFO      No new emails.
2026-05-19 22:24:04  INFO      Checking Gmail for M2 approval emails...
2026-05-19 22:24:08  INFO      No new emails.
2026-05-19 22:26:08  INFO      Checking Gmail for M2 approval emails...
2026-05-19 22:26:13  INFO      No new emails.
2026-05-19 22:28:13  INFO      Checking Gmail for M2 approval emails...
2026-05-19 22:28:17  INFO      No new emails.
2026-05-19 22:30:17  INFO      Checking Gmail for M2 approval emails...
2026-05-19 22:30:22  INFO      No new emails.
2026-05-19 22:32:22  INFO      Checking Gmail for M2 approval emails...
2026-05-19 22:32:27  INFO      No new emails.
2026-05-20 08:06:48  INFO      Checking Gmail for M2 approval emails...
2026-05-20 08:06:48  ERROR     Unexpected error — will retry on next poll.
Traceback (most recent call last):
  File "/Users/samlesueur/vero-power/m2_automation.py", line 335, in main
    emails = fetch_new_m2_emails(processed_ids)
  File "/Users/samlesueur/vero-power/m2_automation.py", line 160, in fetch_new_m2_emails
    mail = imaplib.IMAP4_SSL('imap.gmail.com')
  File "/Library/Developer/CommandLineTools/Library/Frameworks/Python3.framework/Versions/3.9/lib/python3.9/imaplib.py", line 1324, in __init__
    IMAP4.__init__(self, host, port, timeout)
  File "/Library/Developer/CommandLineTools/Library/Frameworks/Python3.framework/Versions/3.9/lib/python3.9/imaplib.py", line 202, in __init__
    self.open(host, port, timeout)
  File "/Library/Developer/CommandLineTools/Library/Frameworks/Python3.framework/Versions/3.9/lib/python3.9/imaplib.py", line 1337, in open
    IMAP4.open(self, host, port, timeout)
  File "/Library/Developer/CommandLineTools/Library/Frameworks/Python3.framework/Versions/3.9/lib/python3.9/imaplib.py", line 312, in open
    self.sock = self._create_socket(timeout)
  File "/Library/Developer/CommandLineTools/Library/Frameworks/Python3.framework/Versions/3.9/lib/python3.9/imaplib.py", line 1327, in _create_socket
    sock = IMAP4._create_socket(self, timeout)
  File "/Library/Developer/CommandLineTools/Library/Frameworks/Python3.framework/Versions/3.9/lib/python3.9/imaplib.py", line 302, in _create_socket
    return socket.create_connection(address)
  File "/Library/Developer/CommandLineTools/Library/Frameworks/Python3.framework/Versions/3.9/lib/python3.9/socket.py", line 822, in create_connection
    for res in getaddrinfo(host, port, 0, SOCK_STREAM):
  File "/Library/Developer/CommandLineTools/Library/Frameworks/Python3.framework/Versions/3.9/lib/python3.9/socket.py", line 953, in getaddrinfo
    for res in _socket.getaddrinfo(host, port, family, type, proto, flags):
socket.gaierror: [Errno 8] nodename nor servname provided, or not known
2026-05-20 08:09:04  INFO      Checking Gmail for M2 approval emails...
2026-05-20 08:09:07  INFO      No new emails.
2026-05-20 08:11:07  INFO      Checking Gmail for M2 approval emails...
2026-05-20 08:11:11  INFO      No new emails.
2026-05-20 08:13:11  INFO      Checking Gmail for M2 approval emails...
2026-05-20 08:13:14  INFO      No new emails.
2026-05-20 08:15:14  INFO      Checking Gmail for M2 approval emails...
2026-05-20 08:15:18  INFO      No new emails.
2026-05-20 08:17:18  INFO      Checking Gmail for M2 approval emails...
2026-05-20 08:17:23  INFO      No new emails.
2026-05-20 08:19:23  INFO      Checking Gmail for M2 approval emails...
2026-05-20 08:19:27  INFO      No new emails.
2026-05-20 08:21:27  INFO      Checking Gmail for M2 approval emails...
2026-05-20 08:21:32  INFO      No new emails.
2026-05-20 08:23:32  INFO      Checking Gmail for M2 approval emails...
2026-05-20 08:23:36  INFO      No new emails.
2026-05-20 08:25:36  INFO      Checking Gmail for M2 approval emails...
2026-05-20 08:25:40  INFO      No new emails.
2026-05-20 08:27:40  INFO      Checking Gmail for M2 approval emails...
2026-05-20 08:27:44  INFO      No new emails.
2026-05-20 08:47:34  INFO      Checking Gmail for M2 approval emails...
2026-05-20 08:47:37  INFO      No new emails.
2026-05-20 08:49:38  INFO      Checking Gmail for M2 approval emails...
2026-05-20 08:49:41  INFO      No new emails.
2026-05-20 08:51:41  INFO      Checking Gmail for M2 approval emails...
2026-05-20 08:51:44  INFO      No new emails.
2026-05-20 08:53:44  INFO      Checking Gmail for M2 approval emails...
2026-05-20 08:53:48  INFO      No new emails.
2026-05-20 08:55:48  INFO      Checking Gmail for M2 approval emails...
2026-05-20 08:55:51  INFO      No new emails.
2026-05-20 08:57:51  INFO      Checking Gmail for M2 approval emails...
2026-05-20 08:57:56  INFO      No new emails.
2026-05-20 08:59:56  INFO      Checking Gmail for M2 approval emails...
2026-05-20 08:59:59  INFO      No new emails.
2026-05-20 09:01:59  INFO      Checking Gmail for M2 approval emails...
2026-05-20 09:02:02  INFO      No new emails.
2026-05-20 09:04:02  INFO      Checking Gmail for M2 approval emails...
2026-05-20 09:04:07  INFO      No new emails.
2026-05-20 09:06:07  INFO      Checking Gmail for M2 approval emails...
2026-05-20 09:06:11  INFO      No new emails.
2026-05-20 09:08:11  INFO      Checking Gmail for M2 approval emails...
2026-05-20 09:08:15  INFO      No new emails.
2026-05-20 09:10:15  INFO      Checking Gmail for M2 approval emails...
2026-05-20 09:10:19  INFO      No new emails.
2026-05-20 09:12:19  INFO      Checking Gmail for M2 approval emails...
2026-05-20 09:12:22  INFO      No new emails.
2026-05-20 09:14:22  INFO      Checking Gmail for M2 approval emails...
2026-05-20 09:14:26  INFO      No new emails.
2026-05-20 09:16:26  INFO      Checking Gmail for M2 approval emails...
2026-05-20 09:16:30  INFO      No new emails.
2026-05-20 09:18:30  INFO      Checking Gmail for M2 approval emails...
2026-05-20 09:18:34  INFO      No new emails.
2026-05-20 09:20:34  INFO      Checking Gmail for M2 approval emails...
2026-05-20 09:20:46  INFO      No new emails.
2026-05-20 09:22:46  INFO      Checking Gmail for M2 approval emails...
2026-05-20 09:22:50  INFO      No new emails.
2026-05-20 09:24:50  INFO      Checking Gmail for M2 approval emails...
2026-05-20 09:24:53  INFO      No new emails.
2026-05-20 09:26:53  INFO      Checking Gmail for M2 approval emails...
2026-05-20 09:26:56  INFO      No new emails.
2026-05-20 09:28:56  INFO      Checking Gmail for M2 approval emails...
2026-05-20 09:29:00  INFO      No new emails.
2026-05-20 09:31:00  INFO      Checking Gmail for M2 approval emails...
2026-05-20 09:31:03  INFO      No new emails.
2026-05-20 09:33:03  INFO      Checking Gmail for M2 approval emails...
2026-05-20 09:33:07  INFO      No new emails.
2026-05-20 09:35:07  INFO      Checking Gmail for M2 approval emails...
2026-05-20 09:35:10  INFO      No new emails.
2026-05-20 09:37:10  INFO      Checking Gmail for M2 approval emails...
2026-05-20 09:37:14  INFO      No new emails.
2026-05-20 09:39:14  INFO      Checking Gmail for M2 approval emails...
2026-05-20 09:39:18  INFO      No new emails.
2026-05-20 09:41:18  INFO      Checking Gmail for M2 approval emails...
2026-05-20 09:41:22  INFO      No new emails.
2026-05-20 09:43:22  INFO      Checking Gmail for M2 approval emails...
2026-05-20 09:43:25  INFO      No new emails.
2026-05-20 09:45:25  INFO      Checking Gmail for M2 approval emails...
2026-05-20 09:45:29  INFO      No new emails.
2026-05-20 09:47:29  INFO      Checking Gmail for M2 approval emails...
2026-05-20 09:47:32  INFO      No new emails.
2026-05-20 09:49:32  INFO      Checking Gmail for M2 approval emails...
2026-05-20 09:49:35  INFO      No new emails.
2026-05-20 09:51:35  INFO      Checking Gmail for M2 approval emails...
2026-05-20 09:51:39  INFO      No new emails.
2026-05-20 09:53:39  INFO      Checking Gmail for M2 approval emails...
2026-05-20 09:53:43  INFO      No new emails.
2026-05-20 09:55:43  INFO      Checking Gmail for M2 approval emails...
2026-05-20 09:55:51  INFO      No new emails.
2026-05-20 09:57:51  INFO      Checking Gmail for M2 approval emails...
2026-05-20 09:57:54  INFO      No new emails.
2026-05-20 09:59:54  INFO      Checking Gmail for M2 approval emails...
2026-05-20 09:59:57  INFO      No new emails.
2026-05-20 10:01:57  INFO      Checking Gmail for M2 approval emails...
2026-05-20 10:02:01  INFO      No new emails.
2026-05-20 10:04:01  INFO      Checking Gmail for M2 approval emails...
2026-05-20 10:04:08  INFO      No new emails.
2026-05-20 10:06:08  INFO      Checking Gmail for M2 approval emails...
2026-05-20 10:06:12  INFO      No new emails.
2026-05-20 10:12:46  INFO      Checking Gmail for M2 approval emails...
2026-05-20 10:12:51  INFO      No new emails.
2026-05-20 10:14:51  INFO      Checking Gmail for M2 approval emails...
2026-05-20 10:14:55  INFO      No new emails.
2026-05-20 10:16:55  INFO      Checking Gmail for M2 approval emails...
2026-05-20 10:16:59  INFO      No new emails.
2026-05-20 10:18:59  INFO      Checking Gmail for M2 approval emails...
2026-05-20 10:19:03  INFO      No new emails.
2026-05-20 10:21:03  INFO      Checking Gmail for M2 approval emails...
2026-05-20 10:21:06  INFO      No new emails.
2026-05-20 10:23:06  INFO      Checking Gmail for M2 approval emails...
2026-05-20 10:23:10  INFO      No new emails.
2026-05-20 10:25:10  INFO      Checking Gmail for M2 approval emails...
2026-05-20 10:25:15  INFO      No new emails.
2026-05-20 10:27:15  INFO      Checking Gmail for M2 approval emails...
2026-05-20 10:27:18  INFO      No new emails.
2026-05-20 10:29:18  INFO      Checking Gmail for M2 approval emails...
2026-05-20 10:29:22  INFO      No new emails.
2026-05-20 10:31:22  INFO      Checking Gmail for M2 approval emails...
2026-05-20 10:31:26  INFO      No new emails.
2026-05-20 10:33:26  INFO      Checking Gmail for M2 approval emails...
2026-05-20 10:33:29  INFO      No new emails.
2026-05-20 10:35:29  INFO      Checking Gmail for M2 approval emails...
2026-05-20 10:35:32  INFO      No new emails.
2026-05-20 10:37:33  INFO      Checking Gmail for M2 approval emails...
2026-05-20 10:37:43  INFO      No new emails.
2026-05-20 10:39:43  INFO      Checking Gmail for M2 approval emails...
2026-05-20 10:39:47  INFO      No new emails.
2026-05-20 10:41:47  INFO      Checking Gmail for M2 approval emails...
2026-05-20 10:41:51  INFO      No new emails.
2026-05-20 10:43:51  INFO      Checking Gmail for M2 approval emails...
2026-05-20 10:43:55  INFO      No new emails.
2026-05-20 10:45:55  INFO      Checking Gmail for M2 approval emails...
2026-05-20 10:46:01  INFO      No new emails.
2026-05-20 10:48:01  INFO      Checking Gmail for M2 approval emails...
2026-05-20 10:48:04  INFO      No new emails.
2026-05-20 10:50:04  INFO      Checking Gmail for M2 approval emails...
2026-05-20 10:50:09  INFO      No new emails.
2026-05-20 10:52:09  INFO      Checking Gmail for M2 approval emails...
2026-05-20 10:52:13  INFO      No new emails.
2026-05-20 10:54:13  INFO      Checking Gmail for M2 approval emails...
2026-05-20 10:54:17  INFO      No new emails.
2026-05-20 10:56:17  INFO      Checking Gmail for M2 approval emails...
2026-05-20 10:56:21  INFO      No new emails.
2026-05-20 10:58:21  INFO      Checking Gmail for M2 approval emails...
2026-05-20 10:58:26  INFO      No new emails.
2026-05-20 11:00:26  INFO      Checking Gmail for M2 approval emails...
2026-05-20 11:00:30  INFO      No new emails.
2026-05-20 11:02:30  INFO      Checking Gmail for M2 approval emails...
2026-05-20 11:02:33  INFO      No new emails.
2026-05-20 11:04:33  INFO      Checking Gmail for M2 approval emails...
2026-05-20 11:04:38  INFO      No new emails.
2026-05-20 11:06:38  INFO      Checking Gmail for M2 approval emails...
2026-05-20 11:06:43  INFO      No new emails.
2026-05-20 11:08:43  INFO      Checking Gmail for M2 approval emails...
2026-05-20 11:08:47  INFO      No new emails.
2026-05-20 11:10:47  INFO      Checking Gmail for M2 approval emails...
2026-05-20 11:10:51  INFO      No new emails.
2026-05-20 11:12:51  INFO      Checking Gmail for M2 approval emails...
2026-05-20 11:13:12  INFO      No new emails.
2026-05-20 11:15:12  INFO      Checking Gmail for M2 approval emails...
2026-05-20 11:15:17  INFO      No new emails.
2026-05-20 11:17:17  INFO      Checking Gmail for M2 approval emails...
2026-05-20 11:17:26  INFO      No new emails.
2026-05-20 11:19:26  INFO      Checking Gmail for M2 approval emails...
2026-05-20 11:19:31  INFO      No new emails.
2026-05-20 11:21:31  INFO      Checking Gmail for M2 approval emails...
2026-05-20 11:21:35  INFO      No new emails.
2026-05-20 11:23:35  INFO      Checking Gmail for M2 approval emails...
2026-05-20 11:23:42  INFO      No new emails.
2026-05-20 11:25:42  INFO      Checking Gmail for M2 approval emails...
2026-05-20 11:25:45  INFO      No new emails.
2026-05-20 11:27:46  INFO      Checking Gmail for M2 approval emails...
2026-05-20 11:27:49  INFO      No new emails.
