/Users/samlesueur/Library/Python/3.9/lib/python/site-packages/urllib3/__init__.py:35: NotOpenSSLWarning: urllib3 v2 only supports OpenSSL 1.1.1+, currently the 'ssl' module is compiled with 'LibreSSL 2.8.3'. See: https://github.com/urllib3/urllib3/issues/3020
  warnings.warn(
/Users/samlesueur/Library/Python/3.9/lib/python/site-packages/google/oauth2/__init__.py:40: FutureWarning: You are using a Python version 3.9 past its end of life. Google will update google-auth with critical bug fixes on a best-effort basis, but not with any other fixes or features. Please upgrade your Python version, and then update google-auth.
  warnings.warn(eol_message.format("3.9"), FutureWarning)
/Users/samlesueur/Library/Python/3.9/lib/python/site-packages/google/auth/__init__.py:54: FutureWarning: You are using a Python version 3.9 past its end of life. Google will update google-auth with critical bug fixes on a best-effort basis, but not with any other fixes or features. Please upgrade your Python version, and then update google-auth.
  warnings.warn(eol_message.format("3.9"), FutureWarning)
/Users/samlesueur/Library/Python/3.9/lib/python/site-packages/google/api_core/_python_version_support.py:242: FutureWarning: You are using a non-supported Python version (3.9.6). Google will not post any further updates to google.api_core supporting this Python version. Please upgrade to the latest Python version, or at least Python 3.10, and then update google.api_core.
  warnings.warn(message, FutureWarning)
2026-05-18 09:15:41  INFO      NTP automation started — polling Gmail every 2 minutes.
2026-05-18 09:15:42  INFO      Please visit this URL to authorize this application: https://accounts.google.com/o/oauth2/auth?response_type=code&client_id=806782283409-qvo9sp8j2n6dqb9025484fc4m99k5mvu.apps.googleusercontent.com&redirect_uri=http%3A%2F%2Flocalhost%3A54285%2F&scope=https%3A%2F%2Fwww.googleapis.com%2Fauth%2Fgmail.readonly&state=nVixw9dC9NEyrQ4ygXA43frMapi1Yg&code_challenge=Fs39YHQQvCxeTm6pFfxOde7UEexf4BLOve0VuhkfhFY&code_challenge_method=S256&access_type=offline
/Users/samlesueur/Library/Python/3.9/lib/python/site-packages/urllib3/__init__.py:35: NotOpenSSLWarning: urllib3 v2 only supports OpenSSL 1.1.1+, currently the 'ssl' module is compiled with 'LibreSSL 2.8.3'. See: https://github.com/urllib3/urllib3/issues/3020
  warnings.warn(
2026-05-18 09:22:34  INFO      NTP automation started — polling Gmail every 2 minutes.
2026-05-18 09:22:34  INFO      Checking Gmail for new NTP approval emails...
2026-05-18 09:22:37  INFO      Processing NTP approval for: Harry Squires
2026-05-18 09:22:38  INFO      Project ID: 838834
2026-05-18 09:22:38  INFO      Work order ID: 2106602
2026-05-18 09:22:39  INFO      Form ID: 1307566
2026-05-18 09:22:41  INFO      Completed: {'success': True, 'customer_name': 'Harry Squires', 'project_id': 838834, 'ntp_work_order_id': 2106602, 'wo_status': 'COMPLETED', 'ntp_form_id': 1307566, 'form_completed': True}
2026-05-18 09:22:41  INFO      Processing NTP approval for: Tammy Aljoe
2026-05-18 09:22:41  INFO      Project ID: 801310
2026-05-18 09:22:42  INFO      Work order ID: 2041820
2026-05-18 09:22:42  INFO      Form ID: 1261610
2026-05-18 09:22:44  INFO      Completed: {'success': True, 'customer_name': 'Tammy Aljoe', 'project_id': 801310, 'ntp_work_order_id': 2041820, 'wo_status': 'COMPLETED', 'ntp_form_id': 1261610, 'form_completed': True}
2026-05-18 09:22:44  INFO      Processing NTP approval for: Tyrrell White
2026-05-18 09:22:45  ERROR     No project found for "Tyrrell White"
2026-05-18 09:22:45  INFO      Processing NTP approval for: Lester Wallace
2026-05-18 09:22:45  INFO      Project ID: 858051
2026-05-18 09:22:45  INFO      Work order ID: 2166434
2026-05-18 09:22:46  INFO      Form ID: 1348487
2026-05-18 09:22:49  INFO      Completed: {'success': True, 'customer_name': 'Lester Wallace', 'project_id': 858051, 'ntp_work_order_id': 2166434, 'wo_status': 'COMPLETED', 'ntp_form_id': 1348487, 'form_completed': True}
2026-05-18 09:22:49  INFO      Processing NTP approval for: Joycelyn Wallace
2026-05-18 09:22:49  INFO      Project ID: 858055
2026-05-18 09:22:49  INFO      Work order ID: 2166515
2026-05-18 09:22:50  INFO      Form ID: 1348522
2026-05-18 09:22:52  INFO      Completed: {'success': True, 'customer_name': 'Joycelyn Wallace', 'project_id': 858055, 'ntp_work_order_id': 2166515, 'wo_status': 'COMPLETED', 'ntp_form_id': 1348522, 'form_completed': True}
2026-05-18 09:22:52  INFO      Processing NTP approval for: Eric Warren
2026-05-18 09:22:52  INFO      Project ID: 792840
2026-05-18 09:22:52  INFO      Work order ID: 2027114
2026-05-18 09:22:53  INFO      Form ID: 1250058
2026-05-18 09:22:55  INFO      Completed: {'success': True, 'customer_name': 'Eric Warren', 'project_id': 792840, 'ntp_work_order_id': 2027114, 'wo_status': 'COMPLETED', 'ntp_form_id': 1250058, 'form_completed': True}
2026-05-18 09:22:55  INFO      Processing NTP approval for: Lonnie Reed
2026-05-18 09:22:55  INFO      Project ID: 792488
2026-05-18 09:22:56  INFO      Work order ID: 2027150
2026-05-18 09:22:56  INFO      Form ID: 1250080
2026-05-18 09:22:59  INFO      Completed: {'success': True, 'customer_name': 'Lonnie Reed', 'project_id': 792488, 'ntp_work_order_id': 2027150, 'wo_status': 'COMPLETED', 'ntp_form_id': 1250080, 'form_completed': True}
2026-05-18 09:22:59  INFO      Processing NTP approval for: Saulette Omeke
2026-05-18 09:22:59  INFO      Project ID: 822263
2026-05-18 09:22:59  INFO      Work order ID: 2085024
2026-05-18 09:23:00  INFO      Form ID: 1291147
2026-05-18 09:23:02  INFO      Completed: {'success': True, 'customer_name': 'Saulette Omeke', 'project_id': 822263, 'ntp_work_order_id': 2085024, 'wo_status': 'COMPLETED', 'ntp_form_id': 1291147, 'form_completed': True}
2026-05-18 09:23:02  INFO      Processing NTP approval for: Mark Frank
2026-05-18 09:23:03  INFO      Project ID: 849281
2026-05-18 09:23:03  INFO      Work order ID: 2137771
2026-05-18 09:23:03  INFO      Form ID: 1330129
2026-05-18 09:23:06  INFO      Completed: {'success': True, 'customer_name': 'Mark Frank', 'project_id': 849281, 'ntp_work_order_id': 2137771, 'wo_status': 'COMPLETED', 'ntp_form_id': 1330129, 'form_completed': True}
2026-05-18 09:23:06  INFO      Processing NTP approval for: Michael Sullivan
2026-05-18 09:23:06  INFO      Project ID: 858145
2026-05-18 09:23:06  INFO      Work order ID: 2178201
2026-05-18 09:23:07  INFO      Form ID: 1356616
2026-05-18 09:23:10  INFO      Completed: {'success': True, 'customer_name': 'Michael Sullivan', 'project_id': 858145, 'ntp_work_order_id': 2178201, 'wo_status': 'COMPLETED', 'ntp_form_id': 1356616, 'form_completed': True}
2026-05-18 09:23:10  INFO      Processing NTP approval for: Ignacio Garza Jr.
2026-05-18 09:23:10  ERROR     No project found for "Ignacio Garza Jr."
2026-05-18 09:23:10  INFO      Processing NTP approval for: Prince Bailey
2026-05-18 09:23:10  INFO      Project ID: 739734
2026-05-18 09:23:11  INFO      Work order ID: 1920251
2026-05-18 09:23:12  INFO      Form ID: 1199733
2026-05-18 09:23:14  INFO      Completed: {'success': True, 'customer_name': 'Prince Bailey', 'project_id': 739734, 'ntp_work_order_id': 1920251, 'wo_status': 'COMPLETED', 'ntp_form_id': 1199733, 'form_completed': True}
2026-05-18 09:23:14  INFO      Processing NTP approval for: Terrie Roberts
2026-05-18 09:23:14  INFO      Project ID: 846864
2026-05-18 09:23:15  INFO      Work order ID: 2128401
2026-05-18 09:23:15  INFO      Form ID: 1322624
2026-05-18 09:23:17  INFO      Completed: {'success': True, 'customer_name': 'Terrie Roberts', 'project_id': 846864, 'ntp_work_order_id': 2128401, 'wo_status': 'COMPLETED', 'ntp_form_id': 1322624, 'form_completed': True}
2026-05-18 09:23:17  INFO      Processing NTP approval for: Kenneth Carrell
2026-05-18 09:23:18  INFO      Project ID: 843785
2026-05-18 09:23:18  INFO      Work order ID: 2134182
2026-05-18 09:23:19  INFO      Form ID: 1327576
2026-05-18 09:23:24  INFO      Completed: {'success': True, 'customer_name': 'Kenneth Carrell', 'project_id': 843785, 'ntp_work_order_id': 2134182, 'wo_status': 'COMPLETED', 'ntp_form_id': 1327576, 'form_completed': True}
2026-05-18 09:23:24  INFO      Processing NTP approval for: Raymond Barelka
2026-05-18 09:23:24  INFO      Project ID: 839135
2026-05-18 09:23:25  INFO      Work order ID: 2153533
2026-05-18 09:23:25  INFO      Form ID: 1342363
2026-05-18 09:23:28  INFO      Completed: {'success': True, 'customer_name': 'Raymond Barelka', 'project_id': 839135, 'ntp_work_order_id': 2153533, 'wo_status': 'COMPLETED', 'ntp_form_id': 1342363, 'form_completed': True}
2026-05-18 09:23:28  INFO      Processing NTP approval for: Johnell Engleton
2026-05-18 09:23:28  ERROR     No project found for "Johnell Engleton"
2026-05-18 09:23:28  INFO      Processing NTP approval for: Douglas Washington
2026-05-18 09:23:28  INFO      Project ID: 862323
2026-05-18 09:23:29  INFO      Work order ID: 2190867
2026-05-18 09:23:29  INFO      Form ID: 1364498
2026-05-18 09:23:31  INFO      Completed: {'success': True, 'customer_name': 'Douglas Washington', 'project_id': 862323, 'ntp_work_order_id': 2190867, 'wo_status': 'COMPLETED', 'ntp_form_id': 1364498, 'form_completed': True}
2026-05-18 09:23:31  INFO      Processing NTP approval for: Kenneth Hunt
2026-05-18 09:23:31  INFO      Project ID: 866349
2026-05-18 09:23:32  INFO      Work order ID: 2191733
2026-05-18 09:23:32  INFO      Form ID: 1365097
2026-05-18 09:23:34  INFO      Completed: {'success': True, 'customer_name': 'Kenneth Hunt', 'project_id': 866349, 'ntp_work_order_id': 2191733, 'wo_status': 'COMPLETED', 'ntp_form_id': 1365097, 'form_completed': True}
2026-05-18 09:23:34  INFO      Processing NTP approval for: Lester Hughes
2026-05-18 09:23:35  INFO      Project ID: 739743
2026-05-18 09:23:35  INFO      Work order ID: 1920266
2026-05-18 09:23:36  INFO      Form ID: 1199747
2026-05-18 09:23:38  INFO      Completed: {'success': True, 'customer_name': 'Lester Hughes', 'project_id': 739743, 'ntp_work_order_id': 1920266, 'wo_status': 'COMPLETED', 'ntp_form_id': 1199747, 'form_completed': True}
2026-05-18 09:25:38  INFO      Checking Gmail for new NTP approval emails...
2026-05-18 09:25:44  INFO      No new emails.
2026-05-18 09:27:44  INFO      Checking Gmail for new NTP approval emails...
2026-05-18 09:27:50  INFO      No new emails.
2026-05-18 09:29:50  INFO      Checking Gmail for new NTP approval emails...
2026-05-18 09:29:53  INFO      No new emails.
2026-05-18 09:31:53  INFO      Checking Gmail for new NTP approval emails...
2026-05-18 09:31:56  INFO      No new emails.
2026-05-18 09:33:56  INFO      Checking Gmail for new NTP approval emails...
2026-05-18 09:34:05  INFO      No new emails.
2026-05-18 09:36:05  INFO      Checking Gmail for new NTP approval emails...
2026-05-18 09:36:15  INFO      No new emails.
2026-05-18 09:38:15  INFO      Checking Gmail for new NTP approval emails...
2026-05-18 09:38:25  INFO      No new emails.
2026-05-18 09:40:25  INFO      Checking Gmail for new NTP approval emails...
2026-05-18 09:40:35  INFO      No new emails.
2026-05-18 09:42:35  INFO      Checking Gmail for new NTP approval emails...
2026-05-18 09:42:44  INFO      No new emails.
2026-05-18 09:44:44  INFO      Checking Gmail for new NTP approval emails...
2026-05-18 09:44:55  INFO      No new emails.
2026-05-18 09:46:55  INFO      Checking Gmail for new NTP approval emails...
2026-05-18 09:47:08  INFO      No new emails.
2026-05-18 09:49:08  INFO      Checking Gmail for new NTP approval emails...
2026-05-18 09:49:17  INFO      No new emails.
2026-05-18 09:51:17  INFO      Checking Gmail for new NTP approval emails...
2026-05-18 09:51:24  INFO      No new emails.
2026-05-18 09:53:24  INFO      Checking Gmail for new NTP approval emails...
2026-05-18 09:53:33  INFO      No new emails.
2026-05-18 09:55:33  INFO      Checking Gmail for new NTP approval emails...
2026-05-18 09:55:40  INFO      No new emails.
2026-05-18 09:57:40  INFO      Checking Gmail for new NTP approval emails...
2026-05-18 09:57:46  INFO      No new emails.
2026-05-18 09:59:46  INFO      Checking Gmail for new NTP approval emails...
2026-05-18 09:59:55  INFO      No new emails.
2026-05-18 10:01:55  INFO      Checking Gmail for new NTP approval emails...
2026-05-18 10:02:02  INFO      No new emails.
2026-05-18 10:04:02  INFO      Checking Gmail for new NTP approval emails...
2026-05-18 10:04:10  INFO      No new emails.
2026-05-18 10:06:10  INFO      Checking Gmail for new NTP approval emails...
2026-05-18 10:06:28  INFO      No new emails.
2026-05-18 10:08:28  INFO      Checking Gmail for new NTP approval emails...
2026-05-18 10:08:36  INFO      No new emails.
2026-05-18 10:10:36  INFO      Checking Gmail for new NTP approval emails...
2026-05-18 10:10:43  INFO      No new emails.
2026-05-18 10:12:43  INFO      Checking Gmail for new NTP approval emails...
2026-05-18 10:12:51  INFO      No new emails.
2026-05-18 10:14:51  INFO      Checking Gmail for new NTP approval emails...
2026-05-18 10:14:59  INFO      No new emails.
2026-05-18 10:16:59  INFO      Checking Gmail for new NTP approval emails...
2026-05-18 10:17:06  INFO      No new emails.
2026-05-18 10:19:06  INFO      Checking Gmail for new NTP approval emails...
2026-05-18 10:19:15  INFO      No new emails.
2026-05-18 10:21:15  INFO      Checking Gmail for new NTP approval emails...
2026-05-18 10:21:25  INFO      No new emails.
2026-05-18 10:23:25  INFO      Checking Gmail for new NTP approval emails...
2026-05-18 10:23:34  INFO      No new emails.
2026-05-18 10:25:34  INFO      Checking Gmail for new NTP approval emails...
2026-05-18 10:25:44  INFO      No new emails.
2026-05-18 10:27:45  INFO      Checking Gmail for new NTP approval emails...
2026-05-18 10:27:54  INFO      No new emails.
2026-05-18 10:29:55  INFO      Checking Gmail for new NTP approval emails...
2026-05-18 10:30:05  INFO      No new emails.
2026-05-18 10:32:05  INFO      Checking Gmail for new NTP approval emails...
2026-05-18 10:32:14  INFO      No new emails.
2026-05-18 10:34:14  INFO      Checking Gmail for new NTP approval emails...
2026-05-18 10:34:25  INFO      No new emails.
2026-05-18 10:36:25  INFO      Checking Gmail for new NTP approval emails...
2026-05-18 10:36:36  INFO      No new emails.
2026-05-18 10:38:36  INFO      Checking Gmail for new NTP approval emails...
2026-05-18 10:38:44  INFO      No new emails.
2026-05-18 10:40:44  INFO      Checking Gmail for new NTP approval emails...
2026-05-18 10:40:52  INFO      No new emails.
2026-05-18 10:42:52  INFO      Checking Gmail for new NTP approval emails...
2026-05-18 10:43:01  INFO      No new emails.
2026-05-18 10:45:01  INFO      Checking Gmail for new NTP approval emails...
2026-05-18 10:45:23  INFO      No new emails.
2026-05-18 10:47:24  INFO      Checking Gmail for new NTP approval emails...
2026-05-18 10:47:35  INFO      No new emails.
2026-05-18 10:49:35  INFO      Checking Gmail for new NTP approval emails...
2026-05-18 10:49:47  INFO      No new emails.
2026-05-18 10:51:47  INFO      Checking Gmail for new NTP approval emails...
2026-05-18 10:51:58  INFO      No new emails.
2026-05-18 10:53:58  INFO      Checking Gmail for new NTP approval emails...
2026-05-18 10:54:08  INFO      No new emails.
2026-05-18 10:56:08  INFO      Checking Gmail for new NTP approval emails...
2026-05-18 10:56:18  INFO      No new emails.
2026-05-18 10:58:18  INFO      Checking Gmail for new NTP approval emails...
2026-05-18 10:58:27  INFO      No new emails.
2026-05-18 11:00:27  INFO      Checking Gmail for new NTP approval emails...
2026-05-18 11:00:38  INFO      No new emails.
2026-05-18 11:02:38  INFO      Checking Gmail for new NTP approval emails...
2026-05-18 11:02:49  INFO      No new emails.
2026-05-18 11:04:49  INFO      Checking Gmail for new NTP approval emails...
2026-05-18 11:05:00  INFO      No new emails.
2026-05-18 11:07:00  INFO      Checking Gmail for new NTP approval emails...
2026-05-18 11:07:08  INFO      No new emails.
2026-05-18 11:09:09  INFO      Checking Gmail for new NTP approval emails...
2026-05-18 11:09:18  INFO      No new emails.
2026-05-18 11:11:18  INFO      Checking Gmail for new NTP approval emails...
2026-05-18 11:11:26  INFO      No new emails.
2026-05-18 11:13:26  INFO      Checking Gmail for new NTP approval emails...
2026-05-18 11:13:33  INFO      No new emails.
2026-05-18 11:15:33  INFO      Checking Gmail for new NTP approval emails...
2026-05-18 11:15:40  INFO      No new emails.
2026-05-18 11:17:40  INFO      Checking Gmail for new NTP approval emails...
2026-05-18 11:17:51  INFO      No new emails.
2026-05-18 11:19:51  INFO      Checking Gmail for new NTP approval emails...
2026-05-18 11:20:00  INFO      No new emails.
2026-05-18 11:22:00  INFO      Checking Gmail for new NTP approval emails...
2026-05-18 11:22:09  INFO      No new emails.
2026-05-18 11:24:10  INFO      Checking Gmail for new NTP approval emails...
2026-05-18 11:24:21  INFO      No new emails.
2026-05-18 11:26:21  INFO      Checking Gmail for new NTP approval emails...
2026-05-18 11:26:30  INFO      No new emails.
2026-05-18 11:28:30  INFO      Checking Gmail for new NTP approval emails...
2026-05-18 11:28:40  INFO      No new emails.
2026-05-18 11:30:40  INFO      Checking Gmail for new NTP approval emails...
2026-05-18 11:30:50  INFO      No new emails.
2026-05-18 11:32:50  INFO      Checking Gmail for new NTP approval emails...
2026-05-18 11:33:11  INFO      No new emails.
2026-05-18 11:35:11  INFO      Checking Gmail for new NTP approval emails...
2026-05-18 11:35:21  INFO      No new emails.
2026-05-18 11:37:21  INFO      Checking Gmail for new NTP approval emails...
2026-05-18 11:37:32  INFO      No new emails.
2026-05-18 11:39:32  INFO      Checking Gmail for new NTP approval emails...
2026-05-18 11:39:41  INFO      No new emails.
2026-05-18 11:41:41  INFO      Checking Gmail for new NTP approval emails...
2026-05-18 11:41:51  INFO      No new emails.
2026-05-18 11:43:51  INFO      Checking Gmail for new NTP approval emails...
2026-05-18 11:44:01  INFO      No new emails.
2026-05-18 11:46:01  INFO      Checking Gmail for new NTP approval emails...
2026-05-18 11:46:12  INFO      No new emails.
2026-05-18 11:48:12  INFO      Checking Gmail for new NTP approval emails...
2026-05-18 11:48:21  INFO      No new emails.
2026-05-18 11:50:21  INFO      Checking Gmail for new NTP approval emails...
2026-05-18 11:50:31  INFO      No new emails.
2026-05-18 11:52:31  INFO      Checking Gmail for new NTP approval emails...
2026-05-18 11:52:41  INFO      No new emails.
2026-05-18 11:54:41  INFO      Checking Gmail for new NTP approval emails...
2026-05-18 11:54:53  INFO      No new emails.
2026-05-18 11:56:53  INFO      Checking Gmail for new NTP approval emails...
2026-05-18 11:57:03  INFO      No new emails.
2026-05-18 11:59:03  INFO      Checking Gmail for new NTP approval emails...
2026-05-18 11:59:12  INFO      No new emails.
2026-05-18 12:01:13  INFO      Checking Gmail for new NTP approval emails...
2026-05-18 12:01:23  INFO      No new emails.
2026-05-18 12:03:23  INFO      Checking Gmail for new NTP approval emails...
2026-05-18 12:03:30  INFO      No new emails.
2026-05-18 12:05:30  INFO      Checking Gmail for new NTP approval emails...
2026-05-18 12:05:37  INFO      No new emails.
2026-05-18 12:07:37  INFO      Checking Gmail for new NTP approval emails...
2026-05-18 12:07:45  INFO      No new emails.
2026-05-18 12:09:46  INFO      Checking Gmail for new NTP approval emails...
2026-05-18 12:09:54  INFO      No new emails.
2026-05-18 12:11:54  INFO      Checking Gmail for new NTP approval emails...
2026-05-18 12:12:18  INFO      No new emails.
2026-05-18 12:14:18  INFO      Checking Gmail for new NTP approval emails...
2026-05-18 12:14:28  INFO      No new emails.
2026-05-18 12:16:28  INFO      Checking Gmail for new NTP approval emails...
2026-05-18 12:16:37  INFO      No new emails.
2026-05-18 12:18:37  INFO      Checking Gmail for new NTP approval emails...
2026-05-18 12:18:46  INFO      No new emails.
2026-05-18 12:20:47  INFO      Checking Gmail for new NTP approval emails...
2026-05-18 12:20:56  INFO      No new emails.
2026-05-18 12:22:56  INFO      Checking Gmail for new NTP approval emails...
2026-05-18 12:23:03  INFO      No new emails.
2026-05-18 12:25:03  INFO      Checking Gmail for new NTP approval emails...
2026-05-18 12:25:14  INFO      No new emails.
2026-05-18 12:27:14  INFO      Checking Gmail for new NTP approval emails...
2026-05-18 12:27:22  INFO      No new emails.
2026-05-18 12:29:22  INFO      Checking Gmail for new NTP approval emails...
2026-05-18 12:29:30  INFO      No new emails.
2026-05-18 12:31:31  INFO      Checking Gmail for new NTP approval emails...
2026-05-18 12:31:37  INFO      No new emails.
2026-05-18 12:33:37  INFO      Checking Gmail for new NTP approval emails...
2026-05-18 12:33:46  INFO      No new emails.
2026-05-18 12:35:46  INFO      Checking Gmail for new NTP approval emails...
2026-05-18 12:35:53  INFO      No new emails.
2026-05-18 12:37:53  INFO      Checking Gmail for new NTP approval emails...
2026-05-18 12:38:00  INFO      No new emails.
2026-05-18 12:40:00  INFO      Checking Gmail for new NTP approval emails...
2026-05-18 12:40:07  INFO      No new emails.
2026-05-18 12:42:07  INFO      Checking Gmail for new NTP approval emails...
2026-05-18 12:42:14  INFO      No new emails.
2026-05-18 12:44:14  INFO      Checking Gmail for new NTP approval emails...
2026-05-18 12:44:52  INFO      No new emails.
2026-05-18 12:46:52  INFO      Checking Gmail for new NTP approval emails...
2026-05-18 12:46:59  INFO      No new emails.
2026-05-18 12:48:59  INFO      Checking Gmail for new NTP approval emails...
2026-05-18 12:49:06  INFO      No new emails.
2026-05-18 12:51:06  INFO      Checking Gmail for new NTP approval emails...
2026-05-18 12:51:13  INFO      No new emails.
2026-05-18 12:53:13  INFO      Checking Gmail for new NTP approval emails...
2026-05-18 12:53:23  INFO      No new emails.
2026-05-18 12:55:23  INFO      Checking Gmail for new NTP approval emails...
2026-05-18 12:55:32  INFO      No new emails.
2026-05-18 12:57:32  INFO      Checking Gmail for new NTP approval emails...
2026-05-18 12:57:40  INFO      No new emails.
2026-05-18 12:59:40  INFO      Checking Gmail for new NTP approval emails...
2026-05-18 12:59:47  INFO      No new emails.
2026-05-18 13:01:47  INFO      Checking Gmail for new NTP approval emails...
2026-05-18 13:01:54  INFO      No new emails.
2026-05-18 13:03:54  INFO      Checking Gmail for new NTP approval emails...
2026-05-18 13:04:03  INFO      No new emails.
2026-05-18 13:06:03  INFO      Checking Gmail for new NTP approval emails...
2026-05-18 13:06:12  INFO      No new emails.
2026-05-18 13:08:12  INFO      Checking Gmail for new NTP approval emails...
2026-05-18 13:08:18  INFO      No new emails.
2026-05-18 13:10:18  INFO      Checking Gmail for new NTP approval emails...
2026-05-18 13:10:25  INFO      No new emails.
2026-05-18 13:12:25  INFO      Checking Gmail for new NTP approval emails...
2026-05-18 13:12:33  INFO      No new emails.
2026-05-18 13:14:33  INFO      Checking Gmail for new NTP approval emails...
2026-05-18 13:14:40  INFO      No new emails.
2026-05-18 13:16:40  INFO      Checking Gmail for new NTP approval emails...
2026-05-18 13:16:47  INFO      No new emails.
2026-05-18 13:18:47  INFO      Checking Gmail for new NTP approval emails...
2026-05-18 13:18:55  INFO      No new emails.
2026-05-18 13:20:55  INFO      Checking Gmail for new NTP approval emails...
2026-05-18 13:21:05  INFO      No new emails.
2026-05-18 13:23:05  INFO      Checking Gmail for new NTP approval emails...
2026-05-18 13:23:12  INFO      No new emails.
2026-05-18 13:25:12  INFO      Checking Gmail for new NTP approval emails...
2026-05-18 13:25:19  INFO      No new emails.
2026-05-18 13:27:19  INFO      Checking Gmail for new NTP approval emails...
2026-05-18 13:27:28  INFO      No new emails.
2026-05-18 13:29:28  INFO      Checking Gmail for new NTP approval emails...
2026-05-18 13:29:39  INFO      No new emails.
2026-05-18 13:31:39  INFO      Checking Gmail for new NTP approval emails...
2026-05-18 13:31:46  INFO      No new emails.
2026-05-18 13:33:46  INFO      Checking Gmail for new NTP approval emails...
2026-05-18 13:33:54  INFO      No new emails.
2026-05-18 13:35:54  INFO      Checking Gmail for new NTP approval emails...
2026-05-18 13:36:02  INFO      No new emails.
2026-05-18 13:38:02  INFO      Checking Gmail for new NTP approval emails...
2026-05-18 13:38:09  INFO      No new emails.
2026-05-18 13:40:09  INFO      Checking Gmail for new NTP approval emails...
2026-05-18 13:40:21  INFO      No new emails.
2026-05-18 13:42:21  INFO      Checking Gmail for new NTP approval emails...
2026-05-18 13:42:29  INFO      No new emails.
2026-05-18 13:44:29  INFO      Checking Gmail for new NTP approval emails...
2026-05-18 13:44:37  INFO      Processing NTP approval for: Bernadette Leblanc
2026-05-18 13:44:37  INFO      Project ID: 850239
2026-05-18 13:44:38  INFO      Work order ID: 2140367
2026-05-18 13:44:39  INFO      Form ID: 1332979
2026-05-18 13:44:41  INFO      Completed: {'success': True, 'customer_name': 'Bernadette Leblanc', 'project_id': 850239, 'ntp_work_order_id': 2140367, 'wo_status': 'COMPLETED', 'ntp_form_id': 1332979, 'form_completed': True}
2026-05-18 13:46:41  INFO      Checking Gmail for new NTP approval emails...
2026-05-18 13:46:49  INFO      No new emails.
2026-05-18 13:48:49  INFO      Checking Gmail for new NTP approval emails...
2026-05-18 13:48:56  INFO      No new emails.
2026-05-18 13:50:56  INFO      Checking Gmail for new NTP approval emails...
2026-05-18 13:51:03  INFO      No new emails.
2026-05-18 13:53:03  INFO      Checking Gmail for new NTP approval emails...
2026-05-18 13:53:10  INFO      No new emails.
2026-05-18 13:55:11  INFO      Checking Gmail for new NTP approval emails...
2026-05-18 13:55:18  INFO      No new emails.
2026-05-18 13:57:18  INFO      Checking Gmail for new NTP approval emails...
2026-05-18 13:57:25  INFO      No new emails.
2026-05-18 13:59:25  INFO      Checking Gmail for new NTP approval emails...
2026-05-18 13:59:35  INFO      No new emails.
2026-05-18 14:01:35  INFO      Checking Gmail for new NTP approval emails...
2026-05-18 14:01:42  INFO      No new emails.
2026-05-18 14:03:42  INFO      Checking Gmail for new NTP approval emails...
2026-05-18 14:03:49  INFO      No new emails.
2026-05-18 14:05:49  INFO      Checking Gmail for new NTP approval emails...
2026-05-18 14:05:56  INFO      No new emails.
2026-05-18 14:07:56  INFO      Checking Gmail for new NTP approval emails...
2026-05-18 14:08:04  INFO      No new emails.
2026-05-18 14:10:04  INFO      Checking Gmail for new NTP approval emails...
2026-05-18 14:10:14  INFO      No new emails.
2026-05-18 14:12:14  INFO      Checking Gmail for new NTP approval emails...
2026-05-18 14:12:24  INFO      No new emails.
2026-05-18 14:14:24  INFO      Checking Gmail for new NTP approval emails...
2026-05-18 14:14:48  INFO      No new emails.
2026-05-18 14:16:48  INFO      Checking Gmail for new NTP approval emails...
2026-05-18 14:16:55  INFO      No new emails.
2026-05-18 14:18:55  INFO      Checking Gmail for new NTP approval emails...
2026-05-18 14:19:06  INFO      No new emails.
2026-05-18 14:21:06  INFO      Checking Gmail for new NTP approval emails...
2026-05-18 14:21:13  INFO      No new emails.
2026-05-18 14:23:13  INFO      Checking Gmail for new NTP approval emails...
2026-05-18 14:23:21  INFO      No new emails.
2026-05-18 14:25:21  INFO      Checking Gmail for new NTP approval emails...
2026-05-18 14:25:28  INFO      No new emails.
2026-05-18 14:27:28  INFO      Checking Gmail for new NTP approval emails...
2026-05-18 14:27:35  INFO      No new emails.
2026-05-18 14:29:35  INFO      Checking Gmail for new NTP approval emails...
2026-05-18 14:29:43  INFO      No new emails.
2026-05-18 14:31:44  INFO      Checking Gmail for new NTP approval emails...
2026-05-18 14:31:50  INFO      No new emails.
2026-05-18 14:33:51  INFO      Checking Gmail for new NTP approval emails...
2026-05-18 14:34:03  INFO      No new emails.
2026-05-18 14:36:03  INFO      Checking Gmail for new NTP approval emails...
2026-05-18 14:36:12  INFO      No new emails.
2026-05-18 14:38:12  INFO      Checking Gmail for new NTP approval emails...
2026-05-18 14:38:19  INFO      No new emails.
2026-05-18 14:40:19  INFO      Checking Gmail for new NTP approval emails...
2026-05-18 14:40:26  INFO      No new emails.
2026-05-18 14:42:26  INFO      Checking Gmail for new NTP approval emails...
2026-05-18 14:42:33  INFO      No new emails.
2026-05-18 14:44:33  INFO      Checking Gmail for new NTP approval emails...
2026-05-18 14:44:39  INFO      No new emails.
2026-05-18 14:46:39  INFO      Checking Gmail for new NTP approval emails...
2026-05-18 14:46:46  INFO      No new emails.
2026-05-18 14:48:46  INFO      Checking Gmail for new NTP approval emails...
2026-05-18 14:48:53  INFO      No new emails.
2026-05-18 14:50:53  INFO      Checking Gmail for new NTP approval emails...
2026-05-18 14:51:00  INFO      No new emails.
2026-05-18 14:53:00  INFO      Checking Gmail for new NTP approval emails...
2026-05-18 14:53:08  INFO      No new emails.
2026-05-18 14:55:08  INFO      Checking Gmail for new NTP approval emails...
2026-05-18 14:55:15  INFO      No new emails.
2026-05-18 14:57:15  INFO      Checking Gmail for new NTP approval emails...
2026-05-18 14:57:22  INFO      No new emails.
2026-05-18 14:59:22  INFO      Checking Gmail for new NTP approval emails...
2026-05-18 14:59:28  INFO      No new emails.
2026-05-18 15:01:28  INFO      Checking Gmail for new NTP approval emails...
2026-05-18 15:01:35  INFO      No new emails.
2026-05-18 15:03:35  INFO      Checking Gmail for new NTP approval emails...
2026-05-18 15:03:45  INFO      No new emails.
2026-05-18 15:05:45  INFO      Checking Gmail for new NTP approval emails...
2026-05-18 15:05:54  INFO      No new emails.
2026-05-18 15:07:54  INFO      Checking Gmail for new NTP approval emails...
2026-05-18 15:08:01  INFO      No new emails.
2026-05-18 15:10:01  INFO      Checking Gmail for new NTP approval emails...
2026-05-18 15:10:07  INFO      No new emails.
2026-05-18 15:12:07  INFO      Checking Gmail for new NTP approval emails...
2026-05-18 15:12:17  INFO      No new emails.
2026-05-18 15:14:17  INFO      Checking Gmail for new NTP approval emails...
2026-05-18 15:14:24  INFO      No new emails.
2026-05-18 15:16:24  INFO      Checking Gmail for new NTP approval emails...
2026-05-18 15:16:31  INFO      No new emails.
2026-05-18 15:18:31  INFO      Checking Gmail for new NTP approval emails...
2026-05-18 15:18:40  INFO      No new emails.
2026-05-18 15:20:40  INFO      Checking Gmail for new NTP approval emails...
2026-05-18 15:20:47  INFO      No new emails.
2026-05-18 15:22:47  INFO      Checking Gmail for new NTP approval emails...
2026-05-18 15:22:55  INFO      No new emails.
2026-05-18 15:24:55  INFO      Checking Gmail for new NTP approval emails...
2026-05-18 15:25:02  INFO      No new emails.
2026-05-18 15:27:03  INFO      Checking Gmail for new NTP approval emails...
2026-05-18 15:27:09  INFO      No new emails.
2026-05-18 15:29:09  INFO      Checking Gmail for new NTP approval emails...
2026-05-18 15:29:16  INFO      No new emails.
2026-05-18 15:31:16  INFO      Checking Gmail for new NTP approval emails...
2026-05-18 15:31:23  INFO      No new emails.
2026-05-18 15:33:23  INFO      Checking Gmail for new NTP approval emails...
2026-05-18 15:33:30  INFO      No new emails.
2026-05-18 15:35:30  INFO      Checking Gmail for new NTP approval emails...
2026-05-18 15:35:39  INFO      No new emails.
2026-05-18 15:37:39  INFO      Checking Gmail for new NTP approval emails...
2026-05-18 15:37:49  INFO      No new emails.
2026-05-18 15:39:49  INFO      Checking Gmail for new NTP approval emails...
2026-05-18 15:39:55  INFO      No new emails.
2026-05-18 15:41:55  INFO      Checking Gmail for new NTP approval emails...
2026-05-18 15:42:03  INFO      No new emails.
2026-05-18 15:44:03  INFO      Checking Gmail for new NTP approval emails...
2026-05-18 15:44:09  INFO      No new emails.
2026-05-18 15:46:10  INFO      Checking Gmail for new NTP approval emails...
2026-05-18 15:46:18  INFO      No new emails.
2026-05-18 15:48:18  INFO      Checking Gmail for new NTP approval emails...
2026-05-18 15:48:25  INFO      No new emails.
2026-05-18 15:50:25  INFO      Checking Gmail for new NTP approval emails...
2026-05-18 15:50:32  INFO      No new emails.
2026-05-18 15:52:33  INFO      Checking Gmail for new NTP approval emails...
2026-05-18 15:52:40  INFO      No new emails.
2026-05-18 15:54:40  INFO      Checking Gmail for new NTP approval emails...
2026-05-18 15:54:47  INFO      No new emails.
2026-05-18 15:56:47  INFO      Checking Gmail for new NTP approval emails...
2026-05-18 15:56:54  INFO      No new emails.
2026-05-18 15:58:54  INFO      Checking Gmail for new NTP approval emails...
2026-05-18 15:59:02  INFO      No new emails.
2026-05-18 16:01:02  INFO      Checking Gmail for new NTP approval emails...
2026-05-18 16:01:09  INFO      No new emails.
2026-05-18 16:03:42  INFO      Checking Gmail for new NTP approval emails...
2026-05-18 16:03:43  ERROR     Unexpected error — will retry on next poll.
Traceback (most recent call last):
  File "/Users/samlesueur/vero-power/ntp_automation.py", line 239, in main
    new_emails = fetch_new_ntp_emails(processed_ids)
  File "/Users/samlesueur/vero-power/ntp_automation.py", line 68, in fetch_new_ntp_emails
    mail = imaplib.IMAP4_SSL('imap.gmail.com')
  File "/Library/Developer/CommandLineTools/Library/Frameworks/Python3.framework/Versions/3.9/lib/python3.9/imaplib.py", line 1324, in __init__
    IMAP4.__init__(self, host, port, timeout)
  File "/Library/Developer/CommandLineTools/Library/Frameworks/Python3.framework/Versions/3.9/lib/python3.9/imaplib.py", line 202, in __init__
    self.open(host, port, timeout)
  File "/Library/Developer/CommandLineTools/Library/Frameworks/Python3.framework/Versions/3.9/lib/python3.9/imaplib.py", line 1337, in open
    IMAP4.open(self, host, port, timeout)
  File "/Library/Developer/CommandLineTools/Library/Frameworks/Python3.framework/Versions/3.9/lib/python3.9/imaplib.py", line 312, in open
    self.sock = self._create_socket(timeout)
  File "/Library/Developer/CommandLineTools/Library/Frameworks/Python3.framework/Versions/3.9/lib/python3.9/imaplib.py", line 1327, in _create_socket
    sock = IMAP4._create_socket(self, timeout)
  File "/Library/Developer/CommandLineTools/Library/Frameworks/Python3.framework/Versions/3.9/lib/python3.9/imaplib.py", line 302, in _create_socket
    return socket.create_connection(address)
  File "/Library/Developer/CommandLineTools/Library/Frameworks/Python3.framework/Versions/3.9/lib/python3.9/socket.py", line 822, in create_connection
    for res in getaddrinfo(host, port, 0, SOCK_STREAM):
  File "/Library/Developer/CommandLineTools/Library/Frameworks/Python3.framework/Versions/3.9/lib/python3.9/socket.py", line 953, in getaddrinfo
    for res in _socket.getaddrinfo(host, port, family, type, proto, flags):
socket.gaierror: [Errno 8] nodename nor servname provided, or not known
2026-05-18 23:32:06  INFO      Checking Gmail for new NTP approval emails...
2026-05-18 23:32:22  INFO      No new emails.
2026-05-19 07:08:33  INFO      Checking Gmail for new NTP approval emails...
/Users/samlesueur/Library/Python/3.9/lib/python/site-packages/urllib3/__init__.py:35: NotOpenSSLWarning: urllib3 v2 only supports OpenSSL 1.1.1+, currently the 'ssl' module is compiled with 'LibreSSL 2.8.3'. See: https://github.com/urllib3/urllib3/issues/3020
  warnings.warn(
2026-05-19 11:27:50  INFO      NTP automation started — polling Gmail every 2 minutes.
2026-05-19 11:27:50  INFO      Checking Gmail for new NTP approval emails...
2026-05-19 11:27:57  INFO      No new emails.
2026-05-19 11:29:58  INFO      Checking Gmail for new NTP approval emails...
2026-05-19 11:30:05  INFO      No new emails.
2026-05-19 11:32:05  INFO      Checking Gmail for new NTP approval emails...
2026-05-19 11:32:12  INFO      No new emails.
/Users/samlesueur/Library/Python/3.9/lib/python/site-packages/urllib3/__init__.py:35: NotOpenSSLWarning: urllib3 v2 only supports OpenSSL 1.1.1+, currently the 'ssl' module is compiled with 'LibreSSL 2.8.3'. See: https://github.com/urllib3/urllib3/issues/3020
  warnings.warn(
2026-05-19 11:34:08  INFO      NTP automation started — polling Gmail every 2 minutes.
2026-05-19 11:34:08  INFO      Checking Gmail for new NTP approval emails...
2026-05-19 11:34:17  INFO      No new emails.
2026-05-19 11:36:17  INFO      Checking Gmail for new NTP approval emails...
2026-05-19 11:36:26  INFO      No new emails.
2026-05-19 11:38:26  INFO      Checking Gmail for new NTP approval emails...
2026-05-19 11:38:34  INFO      No new emails.
2026-05-19 11:40:34  INFO      Checking Gmail for new NTP approval emails...
2026-05-19 11:40:46  INFO      No new emails.
2026-05-19 11:42:46  INFO      Checking Gmail for new NTP approval emails...
2026-05-19 11:42:54  INFO      No new emails.
2026-05-19 11:44:54  INFO      Checking Gmail for new NTP approval emails...
2026-05-19 11:45:01  INFO      No new emails.
2026-05-19 11:47:01  INFO      Checking Gmail for new NTP approval emails...
2026-05-19 11:47:09  INFO      No new emails.
2026-05-19 11:49:09  INFO      Checking Gmail for new NTP approval emails...
2026-05-19 11:49:16  INFO      No new emails.
2026-05-19 11:51:16  INFO      Checking Gmail for new NTP approval emails...
2026-05-19 11:51:23  INFO      No new emails.
2026-05-19 11:53:23  INFO      Checking Gmail for new NTP approval emails...
2026-05-19 11:54:32  INFO      No new emails.
2026-05-19 11:56:32  INFO      Checking Gmail for new NTP approval emails...
2026-05-19 11:56:41  INFO      No new emails.
2026-05-19 11:58:41  INFO      Checking Gmail for new NTP approval emails...
2026-05-19 11:58:51  INFO      No new emails.
2026-05-19 12:00:51  INFO      Checking Gmail for new NTP approval emails...
2026-05-19 12:00:59  INFO      No new emails.
2026-05-19 12:02:59  INFO      Checking Gmail for new NTP approval emails...
2026-05-19 12:03:09  INFO      No new emails.
2026-05-19 12:05:09  INFO      Checking Gmail for new NTP approval emails...
2026-05-19 12:05:19  INFO      No new emails.
2026-05-19 12:07:19  INFO      Checking Gmail for new NTP approval emails...
2026-05-19 12:07:28  INFO      No new emails.
2026-05-19 12:09:28  INFO      Checking Gmail for new NTP approval emails...
2026-05-19 12:09:35  INFO      No new emails.
2026-05-19 12:11:35  INFO      Checking Gmail for new NTP approval emails...
2026-05-19 12:11:42  INFO      No new emails.
2026-05-19 12:13:42  INFO      Checking Gmail for new NTP approval emails...
2026-05-19 12:13:51  INFO      No new emails.
2026-05-19 12:15:51  INFO      Checking Gmail for new NTP approval emails...
2026-05-19 12:15:59  INFO      No new emails.
2026-05-19 12:17:59  INFO      Checking Gmail for new NTP approval emails...
2026-05-19 12:18:09  INFO      No new emails.
2026-05-19 12:20:09  INFO      Checking Gmail for new NTP approval emails...
2026-05-19 12:20:16  INFO      No new emails.
2026-05-19 12:22:16  INFO      Checking Gmail for new NTP approval emails...
2026-05-19 12:22:24  INFO      No new emails.
2026-05-19 12:24:24  INFO      Checking Gmail for new NTP approval emails...
2026-05-19 12:24:38  INFO      No new emails.
2026-05-19 12:26:38  INFO      Checking Gmail for new NTP approval emails...
2026-05-19 12:26:48  INFO      No new emails.
2026-05-19 12:28:48  INFO      Checking Gmail for new NTP approval emails...
2026-05-19 12:28:57  INFO      No new emails.
2026-05-19 12:30:57  INFO      Checking Gmail for new NTP approval emails...
2026-05-19 12:31:07  INFO      No new emails.
2026-05-19 12:33:07  INFO      Checking Gmail for new NTP approval emails...
2026-05-19 12:33:19  INFO      No new emails.
2026-05-19 12:35:19  INFO      Checking Gmail for new NTP approval emails...
2026-05-19 12:35:35  INFO      No new emails.
2026-05-19 12:37:36  INFO      Checking Gmail for new NTP approval emails...
2026-05-19 12:37:56  INFO      No new emails.
2026-05-19 12:39:56  INFO      Checking Gmail for new NTP approval emails...
2026-05-19 12:40:05  INFO      No new emails.
2026-05-19 12:42:05  INFO      Checking Gmail for new NTP approval emails...
2026-05-19 12:42:15  INFO      No new emails.
2026-05-19 12:44:15  INFO      Checking Gmail for new NTP approval emails...
2026-05-19 12:44:24  INFO      No new emails.
2026-05-19 12:46:24  INFO      Checking Gmail for new NTP approval emails...
2026-05-19 12:46:34  INFO      No new emails.
2026-05-19 12:48:34  INFO      Checking Gmail for new NTP approval emails...
2026-05-19 12:48:49  INFO      No new emails.
2026-05-19 12:50:49  INFO      Checking Gmail for new NTP approval emails...
2026-05-19 12:50:59  INFO      No new emails.
2026-05-19 12:52:59  INFO      Checking Gmail for new NTP approval emails...
2026-05-19 12:53:09  INFO      No new emails.
2026-05-19 12:55:09  INFO      Checking Gmail for new NTP approval emails...
2026-05-19 12:55:18  INFO      No new emails.
2026-05-19 12:57:18  INFO      Checking Gmail for new NTP approval emails...
2026-05-19 12:57:28  INFO      No new emails.
2026-05-19 12:59:28  INFO      Checking Gmail for new NTP approval emails...
2026-05-19 13:00:01  INFO      No new emails.
2026-05-19 13:02:01  INFO      Checking Gmail for new NTP approval emails...
2026-05-19 13:02:15  INFO      No new emails.
2026-05-19 13:04:15  INFO      Checking Gmail for new NTP approval emails...
2026-05-19 13:04:22  INFO      No new emails.
2026-05-19 13:06:22  INFO      Checking Gmail for new NTP approval emails...
2026-05-19 13:06:30  INFO      No new emails.
2026-05-19 13:08:30  INFO      Checking Gmail for new NTP approval emails...
2026-05-19 13:08:39  INFO      No new emails.
2026-05-19 13:10:39  INFO      Checking Gmail for new NTP approval emails...
2026-05-19 13:10:46  INFO      No new emails.
2026-05-19 13:12:47  INFO      Checking Gmail for new NTP approval emails...
2026-05-19 13:12:53  INFO      No new emails.
2026-05-19 13:14:53  INFO      Checking Gmail for new NTP approval emails...
2026-05-19 13:15:00  INFO      No new emails.
2026-05-19 13:17:00  INFO      Checking Gmail for new NTP approval emails...
2026-05-19 13:17:07  INFO      No new emails.
2026-05-19 13:19:07  INFO      Checking Gmail for new NTP approval emails...
2026-05-19 13:19:14  INFO      No new emails.
2026-05-19 13:21:14  INFO      Checking Gmail for new NTP approval emails...
2026-05-19 13:21:21  INFO      No new emails.
2026-05-19 13:23:21  INFO      Checking Gmail for new NTP approval emails...
2026-05-19 13:23:28  INFO      No new emails.
2026-05-19 13:25:28  INFO      Checking Gmail for new NTP approval emails...
2026-05-19 13:25:35  INFO      No new emails.
2026-05-19 13:27:36  INFO      Checking Gmail for new NTP approval emails...
2026-05-19 13:27:43  INFO      No new emails.
2026-05-19 13:29:43  INFO      Checking Gmail for new NTP approval emails...
2026-05-19 13:29:50  INFO      No new emails.
2026-05-19 13:31:51  INFO      Checking Gmail for new NTP approval emails...
2026-05-19 13:31:57  INFO      No new emails.
2026-05-19 13:33:58  INFO      Checking Gmail for new NTP approval emails...
2026-05-19 13:34:04  INFO      No new emails.
2026-05-19 13:36:04  INFO      Checking Gmail for new NTP approval emails...
2026-05-19 13:36:12  INFO      No new emails.
2026-05-19 13:38:12  INFO      Checking Gmail for new NTP approval emails...
2026-05-19 13:38:19  INFO      No new emails.
2026-05-19 13:40:19  INFO      Checking Gmail for new NTP approval emails...
2026-05-19 13:40:28  INFO      No new emails.
2026-05-19 13:42:28  INFO      Checking Gmail for new NTP approval emails...
2026-05-19 13:42:35  INFO      No new emails.
2026-05-19 13:44:35  INFO      Checking Gmail for new NTP approval emails...
2026-05-19 13:44:41  INFO      No new emails.
2026-05-19 13:46:41  INFO      Checking Gmail for new NTP approval emails...
2026-05-19 13:46:48  INFO      No new emails.
2026-05-19 13:48:48  INFO      Checking Gmail for new NTP approval emails...
2026-05-19 13:48:59  INFO      No new emails.
2026-05-19 13:50:59  INFO      Checking Gmail for new NTP approval emails...
2026-05-19 13:51:06  INFO      No new emails.
2026-05-19 13:53:06  INFO      Checking Gmail for new NTP approval emails...
2026-05-19 13:53:13  INFO      No new emails.
2026-05-19 13:55:13  INFO      Checking Gmail for new NTP approval emails...
2026-05-19 13:55:21  INFO      No new emails.
2026-05-19 13:57:21  INFO      Checking Gmail for new NTP approval emails...
2026-05-19 13:57:29  INFO      No new emails.
2026-05-19 13:59:29  INFO      Checking Gmail for new NTP approval emails...
2026-05-19 13:59:36  INFO      No new emails.
2026-05-19 14:01:37  INFO      Checking Gmail for new NTP approval emails...
2026-05-19 14:01:44  INFO      No new emails.
2026-05-19 14:03:44  INFO      Checking Gmail for new NTP approval emails...
2026-05-19 14:03:50  INFO      No new emails.
2026-05-19 14:05:51  INFO      Checking Gmail for new NTP approval emails...
2026-05-19 14:05:57  INFO      No new emails.
2026-05-19 14:07:58  INFO      Checking Gmail for new NTP approval emails...
2026-05-19 14:08:05  INFO      No new emails.
2026-05-19 14:10:05  INFO      Checking Gmail for new NTP approval emails...
2026-05-19 14:10:14  INFO      No new emails.
2026-05-19 14:12:14  INFO      Checking Gmail for new NTP approval emails...
2026-05-19 14:12:22  INFO      No new emails.
2026-05-19 14:14:22  INFO      Checking Gmail for new NTP approval emails...
2026-05-19 14:14:29  INFO      No new emails.
2026-05-19 14:16:29  INFO      Checking Gmail for new NTP approval emails...
2026-05-19 14:16:36  INFO      No new emails.
2026-05-19 14:18:36  INFO      Checking Gmail for new NTP approval emails...
2026-05-19 14:18:43  INFO      No new emails.
2026-05-19 14:20:43  INFO      Checking Gmail for new NTP approval emails...
2026-05-19 14:20:51  INFO      No new emails.
2026-05-19 14:22:51  INFO      Checking Gmail for new NTP approval emails...
2026-05-19 14:22:58  INFO      No new emails.
2026-05-19 14:24:58  INFO      Checking Gmail for new NTP approval emails...
2026-05-19 14:25:06  INFO      No new emails.
2026-05-19 14:27:06  INFO      Checking Gmail for new NTP approval emails...
2026-05-19 14:27:13  INFO      No new emails.
2026-05-19 14:29:13  INFO      Checking Gmail for new NTP approval emails...
2026-05-19 14:29:20  INFO      No new emails.
2026-05-19 14:31:21  INFO      Checking Gmail for new NTP approval emails...
2026-05-19 14:31:27  INFO      No new emails.
2026-05-19 14:33:27  INFO      Checking Gmail for new NTP approval emails...
2026-05-19 14:33:34  INFO      No new emails.
2026-05-19 14:35:34  INFO      Checking Gmail for new NTP approval emails...
2026-05-19 14:35:42  INFO      No new emails.
2026-05-19 14:37:43  INFO      Checking Gmail for new NTP approval emails...
2026-05-19 14:37:50  INFO      No new emails.
2026-05-19 14:39:50  INFO      Checking Gmail for new NTP approval emails...
2026-05-19 14:40:01  INFO      No new emails.
2026-05-19 14:42:01  INFO      Checking Gmail for new NTP approval emails...
2026-05-19 14:42:08  INFO      No new emails.
2026-05-19 14:44:08  INFO      Checking Gmail for new NTP approval emails...
2026-05-19 14:44:15  INFO      No new emails.
2026-05-19 14:46:16  INFO      Checking Gmail for new NTP approval emails...
2026-05-19 14:46:23  INFO      No new emails.
2026-05-19 14:48:23  INFO      Checking Gmail for new NTP approval emails...
2026-05-19 14:48:31  INFO      No new emails.
2026-05-19 14:50:31  INFO      Checking Gmail for new NTP approval emails...
2026-05-19 14:50:38  INFO      No new emails.
2026-05-19 14:52:38  INFO      Checking Gmail for new NTP approval emails...
2026-05-19 14:52:48  INFO      No new emails.
2026-05-19 14:54:48  INFO      Checking Gmail for new NTP approval emails...
2026-05-19 14:54:57  INFO      No new emails.
2026-05-19 14:56:57  INFO      Checking Gmail for new NTP approval emails...
2026-05-19 14:57:09  INFO      No new emails.
2026-05-19 14:59:09  INFO      Checking Gmail for new NTP approval emails...
2026-05-19 14:59:21  INFO      No new emails.
2026-05-19 15:01:21  INFO      Checking Gmail for new NTP approval emails...
2026-05-19 15:01:33  INFO      No new emails.
2026-05-19 15:03:33  INFO      Checking Gmail for new NTP approval emails...
2026-05-19 15:03:40  INFO      No new emails.
2026-05-19 15:05:40  INFO      Checking Gmail for new NTP approval emails...
2026-05-19 15:05:47  INFO      No new emails.
2026-05-19 15:07:47  INFO      Checking Gmail for new NTP approval emails...
2026-05-19 15:07:54  INFO      No new emails.
2026-05-19 15:09:54  INFO      Checking Gmail for new NTP approval emails...
2026-05-19 15:10:01  INFO      No new emails.
2026-05-19 15:12:01  INFO      Checking Gmail for new NTP approval emails...
2026-05-19 15:12:08  INFO      No new emails.
2026-05-19 15:14:08  INFO      Checking Gmail for new NTP approval emails...
2026-05-19 15:14:15  INFO      No new emails.
2026-05-19 15:16:15  INFO      Checking Gmail for new NTP approval emails...
2026-05-19 15:16:22  INFO      No new emails.
2026-05-19 15:18:22  INFO      Checking Gmail for new NTP approval emails...
2026-05-19 15:18:29  INFO      No new emails.
2026-05-19 15:20:29  INFO      Checking Gmail for new NTP approval emails...
2026-05-19 15:20:36  INFO      No new emails.
2026-05-19 15:22:36  INFO      Checking Gmail for new NTP approval emails...
2026-05-19 15:22:47  INFO      No new emails.
2026-05-19 15:24:47  INFO      Checking Gmail for new NTP approval emails...
2026-05-19 15:24:54  INFO      No new emails.
2026-05-19 15:26:54  INFO      Checking Gmail for new NTP approval emails...
2026-05-19 15:27:02  INFO      No new emails.
2026-05-19 15:29:02  INFO      Checking Gmail for new NTP approval emails...
2026-05-19 15:29:10  INFO      No new emails.
2026-05-19 15:31:10  INFO      Checking Gmail for new NTP approval emails...
2026-05-19 15:31:18  INFO      No new emails.
2026-05-19 15:33:18  INFO      Checking Gmail for new NTP approval emails...
2026-05-19 15:33:25  INFO      No new emails.
2026-05-19 15:35:25  INFO      Checking Gmail for new NTP approval emails...
2026-05-19 15:35:32  INFO      No new emails.
2026-05-19 15:37:32  INFO      Checking Gmail for new NTP approval emails...
2026-05-19 15:37:39  INFO      No new emails.
2026-05-19 15:39:39  INFO      Checking Gmail for new NTP approval emails...
2026-05-19 15:39:46  INFO      No new emails.
2026-05-19 15:41:53  INFO      Checking Gmail for new NTP approval emails...
2026-05-19 15:42:07  INFO      No new emails.
2026-05-19 20:17:25  INFO      Checking Gmail for new NTP approval emails...
2026-05-19 20:17:25  ERROR     Unexpected error — will retry on next poll.
Traceback (most recent call last):
  File "/Users/samlesueur/vero-power/ntp_automation.py", line 246, in main
    new_emails = fetch_new_ntp_emails(processed_ids)
  File "/Users/samlesueur/vero-power/ntp_automation.py", line 68, in fetch_new_ntp_emails
    mail = imaplib.IMAP4_SSL('imap.gmail.com')
  File "/Library/Developer/CommandLineTools/Library/Frameworks/Python3.framework/Versions/3.9/lib/python3.9/imaplib.py", line 1324, in __init__
    IMAP4.__init__(self, host, port, timeout)
  File "/Library/Developer/CommandLineTools/Library/Frameworks/Python3.framework/Versions/3.9/lib/python3.9/imaplib.py", line 202, in __init__
    self.open(host, port, timeout)
  File "/Library/Developer/CommandLineTools/Library/Frameworks/Python3.framework/Versions/3.9/lib/python3.9/imaplib.py", line 1337, in open
    IMAP4.open(self, host, port, timeout)
  File "/Library/Developer/CommandLineTools/Library/Frameworks/Python3.framework/Versions/3.9/lib/python3.9/imaplib.py", line 312, in open
    self.sock = self._create_socket(timeout)
  File "/Library/Developer/CommandLineTools/Library/Frameworks/Python3.framework/Versions/3.9/lib/python3.9/imaplib.py", line 1327, in _create_socket
    sock = IMAP4._create_socket(self, timeout)
  File "/Library/Developer/CommandLineTools/Library/Frameworks/Python3.framework/Versions/3.9/lib/python3.9/imaplib.py", line 302, in _create_socket
    return socket.create_connection(address)
  File "/Library/Developer/CommandLineTools/Library/Frameworks/Python3.framework/Versions/3.9/lib/python3.9/socket.py", line 822, in create_connection
    for res in getaddrinfo(host, port, 0, SOCK_STREAM):
  File "/Library/Developer/CommandLineTools/Library/Frameworks/Python3.framework/Versions/3.9/lib/python3.9/socket.py", line 953, in getaddrinfo
    for res in _socket.getaddrinfo(host, port, family, type, proto, flags):
socket.gaierror: [Errno 8] nodename nor servname provided, or not known
2026-05-19 20:34:10  INFO      Checking Gmail for new NTP approval emails...
2026-05-19 20:34:23  INFO      No new emails.
/Users/samlesueur/Library/Python/3.9/lib/python/site-packages/urllib3/__init__.py:35: NotOpenSSLWarning: urllib3 v2 only supports OpenSSL 1.1.1+, currently the 'ssl' module is compiled with 'LibreSSL 2.8.3'. See: https://github.com/urllib3/urllib3/issues/3020
  warnings.warn(
2026-05-19 20:36:05  INFO      NTP automation started — polling Gmail every 2 minutes.
2026-05-19 20:36:05  INFO      Checking Gmail for new NTP approval emails...
2026-05-19 20:36:15  INFO      No new emails.
2026-05-19 20:38:15  INFO      Checking Gmail for new NTP approval emails...
2026-05-19 20:38:24  INFO      No new emails.
2026-05-19 20:40:24  INFO      Checking Gmail for new NTP approval emails...
2026-05-19 20:40:33  INFO      No new emails.
2026-05-19 20:42:33  INFO      Checking Gmail for new NTP approval emails...
2026-05-19 20:42:42  INFO      No new emails.
2026-05-19 20:44:43  INFO      Checking Gmail for new NTP approval emails...
2026-05-19 20:44:53  INFO      No new emails.
2026-05-19 20:46:53  INFO      Checking Gmail for new NTP approval emails...
2026-05-19 20:47:01  INFO      No new emails.
2026-05-19 20:49:01  INFO      Checking Gmail for new NTP approval emails...
2026-05-19 20:49:10  INFO      No new emails.
2026-05-19 20:51:10  INFO      Checking Gmail for new NTP approval emails...
2026-05-19 20:51:19  INFO      No new emails.
2026-05-19 20:53:19  INFO      Checking Gmail for new NTP approval emails...
2026-05-19 20:53:29  INFO      No new emails.
2026-05-19 20:55:29  INFO      Checking Gmail for new NTP approval emails...
2026-05-19 20:55:37  INFO      No new emails.
2026-05-19 20:57:37  INFO      Checking Gmail for new NTP approval emails...
2026-05-19 20:57:46  INFO      No new emails.
2026-05-19 20:59:46  INFO      Checking Gmail for new NTP approval emails...
2026-05-19 20:59:55  INFO      No new emails.
2026-05-19 21:01:55  INFO      Checking Gmail for new NTP approval emails...
2026-05-19 21:02:04  INFO      No new emails.
2026-05-19 21:04:04  INFO      Checking Gmail for new NTP approval emails...
2026-05-19 21:04:13  INFO      No new emails.
2026-05-19 21:06:13  INFO      Checking Gmail for new NTP approval emails...
2026-05-19 21:06:22  INFO      No new emails.
2026-05-19 21:08:22  INFO      Checking Gmail for new NTP approval emails...
2026-05-19 21:08:31  INFO      No new emails.
2026-05-19 21:10:31  INFO      Checking Gmail for new NTP approval emails...
2026-05-19 21:10:41  INFO      No new emails.
2026-05-19 21:12:41  INFO      Checking Gmail for new NTP approval emails...
2026-05-19 21:12:50  INFO      No new emails.
2026-05-19 21:14:50  INFO      Checking Gmail for new NTP approval emails...
2026-05-19 21:14:59  INFO      No new emails.
2026-05-19 21:16:59  INFO      Checking Gmail for new NTP approval emails...
2026-05-19 21:17:08  INFO      No new emails.
2026-05-19 21:19:08  INFO      Checking Gmail for new NTP approval emails...
2026-05-19 21:19:16  INFO      No new emails.
2026-05-19 21:21:16  INFO      Checking Gmail for new NTP approval emails...
2026-05-19 21:21:25  INFO      No new emails.
2026-05-19 21:23:25  INFO      Checking Gmail for new NTP approval emails...
2026-05-19 21:23:34  INFO      No new emails.
2026-05-19 21:25:34  INFO      Checking Gmail for new NTP approval emails...
2026-05-19 21:25:43  INFO      No new emails.
2026-05-19 21:27:43  INFO      Checking Gmail for new NTP approval emails...
2026-05-19 21:27:54  INFO      No new emails.
2026-05-19 21:29:54  INFO      Checking Gmail for new NTP approval emails...
2026-05-19 21:30:04  INFO      No new emails.
2026-05-19 21:32:04  INFO      Checking Gmail for new NTP approval emails...
2026-05-19 21:32:14  INFO      No new emails.
2026-05-19 21:34:14  INFO      Checking Gmail for new NTP approval emails...
2026-05-19 21:34:25  INFO      No new emails.
2026-05-19 21:36:25  INFO      Checking Gmail for new NTP approval emails...
2026-05-19 21:36:34  INFO      No new emails.
2026-05-19 21:38:34  INFO      Checking Gmail for new NTP approval emails...
2026-05-19 21:38:45  INFO      No new emails.
2026-05-19 21:40:45  INFO      Checking Gmail for new NTP approval emails...
2026-05-19 21:41:22  INFO      No new emails.
2026-05-19 21:43:22  INFO      Checking Gmail for new NTP approval emails...
2026-05-19 21:43:33  INFO      No new emails.
2026-05-19 21:45:33  INFO      Checking Gmail for new NTP approval emails...
2026-05-19 21:45:49  INFO      No new emails.
2026-05-19 21:47:49  INFO      Checking Gmail for new NTP approval emails...
2026-05-19 21:47:58  INFO      No new emails.
2026-05-19 21:49:58  INFO      Checking Gmail for new NTP approval emails...
2026-05-19 21:50:09  INFO      No new emails.
2026-05-19 21:52:09  INFO      Checking Gmail for new NTP approval emails...
2026-05-19 21:52:19  INFO      No new emails.
2026-05-19 21:54:19  INFO      Checking Gmail for new NTP approval emails...
2026-05-19 21:54:29  INFO      No new emails.
2026-05-19 21:56:29  INFO      Checking Gmail for new NTP approval emails...
2026-05-19 21:56:40  INFO      No new emails.
2026-05-19 21:58:40  INFO      Checking Gmail for new NTP approval emails...
2026-05-19 21:58:50  INFO      No new emails.
2026-05-19 22:00:50  INFO      Checking Gmail for new NTP approval emails...
2026-05-19 22:00:58  INFO      No new emails.
2026-05-19 22:02:58  INFO      Checking Gmail for new NTP approval emails...
2026-05-19 22:03:09  INFO      No new emails.
2026-05-19 22:05:09  INFO      Checking Gmail for new NTP approval emails...
2026-05-19 22:05:20  INFO      No new emails.
2026-05-19 22:07:20  INFO      Checking Gmail for new NTP approval emails...
2026-05-19 22:07:30  INFO      No new emails.
2026-05-19 22:09:30  INFO      Checking Gmail for new NTP approval emails...
2026-05-19 22:09:42  INFO      No new emails.
2026-05-19 22:11:42  INFO      Checking Gmail for new NTP approval emails...
2026-05-19 22:11:53  INFO      No new emails.
2026-05-19 22:13:53  INFO      Checking Gmail for new NTP approval emails...
2026-05-19 22:14:04  INFO      No new emails.
2026-05-19 22:16:04  INFO      Checking Gmail for new NTP approval emails...
2026-05-19 22:16:15  INFO      No new emails.
2026-05-19 22:18:15  INFO      Checking Gmail for new NTP approval emails...
2026-05-19 22:18:26  INFO      No new emails.
2026-05-19 22:20:26  INFO      Checking Gmail for new NTP approval emails...
2026-05-19 22:20:37  INFO      No new emails.
2026-05-19 22:22:37  INFO      Checking Gmail for new NTP approval emails...
2026-05-19 22:22:48  INFO      No new emails.
2026-05-19 22:24:48  INFO      Checking Gmail for new NTP approval emails...
2026-05-19 22:24:57  INFO      No new emails.
2026-05-19 22:26:57  INFO      Checking Gmail for new NTP approval emails...
2026-05-19 22:27:08  INFO      No new emails.
2026-05-19 22:29:08  INFO      Checking Gmail for new NTP approval emails...
2026-05-19 22:29:17  INFO      No new emails.
2026-05-19 22:31:17  INFO      Checking Gmail for new NTP approval emails...
2026-05-19 22:31:27  INFO      No new emails.
2026-05-20 00:33:51  INFO      Checking Gmail for new NTP approval emails...
